2017-05-31 10:13:52 [127.0.0.1][56][5mv7cip8si7nkob4pn9esjiod1][error][yii\web\HttpException:403] yii\web\ForbiddenHttpException: 您没有执行此操作的权限。 in /usr/local/var/www/htdocs/oa/vendor/mdmsoft/yii2-admin/components/AccessControl.php:88
Stack trace:
#0 /usr/local/var/www/htdocs/oa/vendor/mdmsoft/yii2-admin/components/AccessControl.php(73): mdm\admin\components\AccessControl->denyAccess(Object(yii\web\User))
#1 /usr/local/var/www/htdocs/oa/vendor/yiisoft/yii2/base/ActionFilter.php(75): mdm\admin\components\AccessControl->beforeAction(Object(yii\base\InlineAction))
#2 [internal function]: yii\base\ActionFilter->beforeFilter(Object(yii\base\ActionEvent))
#3 /usr/local/var/www/htdocs/oa/vendor/yiisoft/yii2/base/Component.php(545): call_user_func(Array, Object(yii\base\ActionEvent))
#4 /usr/local/var/www/htdocs/oa/vendor/yiisoft/yii2/base/Module.php(676): yii\base\Component->trigger('beforeAction', Object(yii\base\ActionEvent))
#5 /usr/local/var/www/htdocs/oa/vendor/yiisoft/yii2/base/Controller.php(144): yii\base\Module->beforeAction(Object(yii\base\InlineAction))
#6 /usr/local/var/www/htdocs/oa/vendor/yiisoft/yii2/base/Module.php(523): yii\base\Controller->runAction('toolbar', Array)
#7 /usr/local/var/www/htdocs/oa/vendor/yiisoft/yii2/web/Application.php(102): yii\base\Module->runAction('debug/default/t...', Array)
#8 /usr/local/var/www/htdocs/oa/vendor/yiisoft/yii2/base/Application.php(380): yii\web\Application->handleRequest(Object(yii\web\Request))
#9 /usr/local/var/www/htdocs/oa/backend/web/index.php(23): yii\base\Application->run()
#10 {main}
2017-05-31 10:13:52 [127.0.0.1][56][5mv7cip8si7nkob4pn9esjiod1][info][application] $_GET = [
    'tag' => '592e975fd264d'
]

$_COOKIE = [
    '_csrf' => '7e7f2ad925db0497b0c032f61090b689d45d0c59850e9a00b9a8448e6c92d1cfa:2:{i:0;s:5:\"_csrf\";i:1;s:32:\"-QYoyAMVdAp9hqnjLKj8zGTGFJdEBfkl\";}'
    'PHPSESSID' => '5mv7cip8si7nkob4pn9esjiod1'
]

$_SESSION = [
    '__flash' => []
    '__returnUrl' => '/'
    '__captcha/site/captcha' => 'poqg'
    '__captcha/site/captchacount' => 1
    '__id' => 56
]

$_SERVER = [
    'REDIRECT_STATUS' => '200'
    'HTTP_HOST' => 'oa.com'
    'HTTP_CONNECTION' => 'keep-alive'
    'HTTP_ACCEPT' => 'text/html'
    'HTTP_X_REQUESTED_WITH' => 'XMLHttpRequest'
    'HTTP_USER_AGENT' => 'Mozilla/5.0 (Macintosh; Intel Mac OS X 10_12_5) AppleWebKit/537.36 (KHTML, like Gecko) Chrome/58.0.3029.110 Safari/537.36'
    'HTTP_REFERER' => 'http://oa.com/'
    'HTTP_ACCEPT_ENCODING' => 'gzip, deflate, sdch'
    'HTTP_ACCEPT_LANGUAGE' => 'zh-CN,zh;q=0.8'
    'HTTP_COOKIE' => '_csrf=7e7f2ad925db0497b0c032f61090b689d45d0c59850e9a00b9a8448e6c92d1cfa%3A2%3A%7Bi%3A0%3Bs%3A5%3A%22_csrf%22%3Bi%3A1%3Bs%3A32%3A%22-QYoyAMVdAp9hqnjLKj8zGTGFJdEBfkl%22%3B%7D; PHPSESSID=5mv7cip8si7nkob4pn9esjiod1'
    'PATH' => '/usr/local/bin:/usr/bin:/bin:/usr/sbin:/sbin'
    'DYLD_LIBRARY_PATH' => '/usr/local/Cellar/httpd24/2.4.25/lib'
    'SERVER_SIGNATURE' => ''
    'SERVER_SOFTWARE' => 'Apache/2.4.25 (Unix) PHP/7.1.3'
    'SERVER_NAME' => 'oa.com'
    'SERVER_ADDR' => '127.0.0.1'
    'SERVER_PORT' => '80'
    'REMOTE_ADDR' => '127.0.0.1'
    'DOCUMENT_ROOT' => '/usr/local/var/www/htdocs/oa/backend/web/'
    'REQUEST_SCHEME' => 'http'
    'CONTEXT_PREFIX' => ''
    'CONTEXT_DOCUMENT_ROOT' => '/usr/local/var/www/htdocs/oa/backend/web/'
    'SERVER_ADMIN' => 'localhost'
    'SCRIPT_FILENAME' => '/usr/local/var/www/htdocs/oa/backend/web/index.php'
    'REMOTE_PORT' => '57378'
    'REDIRECT_URL' => '/debug/default/toolbar'
    'REDIRECT_QUERY_STRING' => 'tag=592e975fd264d'
    'GATEWAY_INTERFACE' => 'CGI/1.1'
    'SERVER_PROTOCOL' => 'HTTP/1.1'
    'REQUEST_METHOD' => 'GET'
    'QUERY_STRING' => 'tag=592e975fd264d'
    'REQUEST_URI' => '/debug/default/toolbar?tag=592e975fd264d'
    'SCRIPT_NAME' => '/index.php'
    'PHP_SELF' => '/index.php'
    'REQUEST_TIME_FLOAT' => 1496225632.016
    'REQUEST_TIME' => 1496225632
]
2017-05-31 10:13:52 [127.0.0.1][56][5mv7cip8si7nkob4pn9esjiod1][error][yii\web\HttpException:403] yii\web\ForbiddenHttpException: 您没有执行此操作的权限。 in /usr/local/var/www/htdocs/oa/vendor/mdmsoft/yii2-admin/components/AccessControl.php:88
Stack trace:
#0 /usr/local/var/www/htdocs/oa/vendor/mdmsoft/yii2-admin/components/AccessControl.php(73): mdm\admin\components\AccessControl->denyAccess(Object(yii\web\User))
#1 /usr/local/var/www/htdocs/oa/vendor/yiisoft/yii2/base/ActionFilter.php(75): mdm\admin\components\AccessControl->beforeAction(Object(yii\base\InlineAction))
#2 [internal function]: yii\base\ActionFilter->beforeFilter(Object(yii\base\ActionEvent))
#3 /usr/local/var/www/htdocs/oa/vendor/yiisoft/yii2/base/Component.php(545): call_user_func(Array, Object(yii\base\ActionEvent))
#4 /usr/local/var/www/htdocs/oa/vendor/yiisoft/yii2/base/Module.php(676): yii\base\Component->trigger('beforeAction', Object(yii\base\ActionEvent))
#5 /usr/local/var/www/htdocs/oa/vendor/yiisoft/yii2/base/Controller.php(144): yii\base\Module->beforeAction(Object(yii\base\InlineAction))
#6 /usr/local/var/www/htdocs/oa/vendor/yiisoft/yii2/base/Module.php(523): yii\base\Controller->runAction('ip', Array)
#7 /usr/local/var/www/htdocs/oa/vendor/yiisoft/yii2/web/Application.php(102): yii\base\Module->runAction('visit/ip', Array)
#8 /usr/local/var/www/htdocs/oa/vendor/yiisoft/yii2/base/Application.php(380): yii\web\Application->handleRequest(Object(yii\web\Request))
#9 /usr/local/var/www/htdocs/oa/backend/web/index.php(23): yii\base\Application->run()
#10 {main}
2017-05-31 10:13:52 [127.0.0.1][56][5mv7cip8si7nkob4pn9esjiod1][info][application] $_POST = [
    'ip' => '123.160.233.92'
]

$_COOKIE = [
    '_csrf' => '7e7f2ad925db0497b0c032f61090b689d45d0c59850e9a00b9a8448e6c92d1cfa:2:{i:0;s:5:\"_csrf\";i:1;s:32:\"-QYoyAMVdAp9hqnjLKj8zGTGFJdEBfkl\";}'
    'PHPSESSID' => '5mv7cip8si7nkob4pn9esjiod1'
]

$_SESSION = [
    '__flash' => []
    '__returnUrl' => '/'
    '__captcha/site/captcha' => 'poqg'
    '__captcha/site/captchacount' => 1
    '__id' => 56
]

$_SERVER = [
    'REDIRECT_STATUS' => '200'
    'HTTP_HOST' => 'oa.com'
    'HTTP_CONNECTION' => 'keep-alive'
    'CONTENT_LENGTH' => '17'
    'HTTP_ACCEPT' => '*/*'
    'HTTP_ORIGIN' => 'http://oa.com'
    'HTTP_X_CSRF_TOKEN' => 'Nll2a1RwTkobCC8ELTEDHFIYBlI8ASAgehIcUy43Gg1wExIuFhYlJg=='
    'HTTP_USER_AGENT' => 'Mozilla/5.0 (Macintosh; Intel Mac OS X 10_12_5) AppleWebKit/537.36 (KHTML, like Gecko) Chrome/58.0.3029.110 Safari/537.36'
    'HTTP_X_REQUESTED_WITH' => 'XMLHttpRequest'
    'CONTENT_TYPE' => 'application/x-www-form-urlencoded; charset=UTF-8'
    'HTTP_REFERER' => 'http://oa.com/'
    'HTTP_ACCEPT_ENCODING' => 'gzip, deflate'
    'HTTP_ACCEPT_LANGUAGE' => 'zh-CN,zh;q=0.8'
    'HTTP_COOKIE' => '_csrf=7e7f2ad925db0497b0c032f61090b689d45d0c59850e9a00b9a8448e6c92d1cfa%3A2%3A%7Bi%3A0%3Bs%3A5%3A%22_csrf%22%3Bi%3A1%3Bs%3A32%3A%22-QYoyAMVdAp9hqnjLKj8zGTGFJdEBfkl%22%3B%7D; PHPSESSID=5mv7cip8si7nkob4pn9esjiod1'
    'PATH' => '/usr/local/bin:/usr/bin:/bin:/usr/sbin:/sbin'
    'DYLD_LIBRARY_PATH' => '/usr/local/Cellar/httpd24/2.4.25/lib'
    'SERVER_SIGNATURE' => ''
    'SERVER_SOFTWARE' => 'Apache/2.4.25 (Unix) PHP/7.1.3'
    'SERVER_NAME' => 'oa.com'
    'SERVER_ADDR' => '127.0.0.1'
    'SERVER_PORT' => '80'
    'REMOTE_ADDR' => '127.0.0.1'
    'DOCUMENT_ROOT' => '/usr/local/var/www/htdocs/oa/backend/web/'
    'REQUEST_SCHEME' => 'http'
    'CONTEXT_PREFIX' => ''
    'CONTEXT_DOCUMENT_ROOT' => '/usr/local/var/www/htdocs/oa/backend/web/'
    'SERVER_ADMIN' => 'localhost'
    'SCRIPT_FILENAME' => '/usr/local/var/www/htdocs/oa/backend/web/index.php'
    'REMOTE_PORT' => '57378'
    'REDIRECT_URL' => '/visit/ip'
    'GATEWAY_INTERFACE' => 'CGI/1.1'
    'SERVER_PROTOCOL' => 'HTTP/1.1'
    'REQUEST_METHOD' => 'POST'
    'QUERY_STRING' => ''
    'REQUEST_URI' => '/visit/ip'
    'SCRIPT_NAME' => '/index.php'
    'PHP_SELF' => '/index.php'
    'REQUEST_TIME_FLOAT' => 1496225632.141
    'REQUEST_TIME' => 1496225632
]
2017-05-31 10:13:54 [127.0.0.1][56][5mv7cip8si7nkob4pn9esjiod1][error][yii\web\HttpException:403] yii\web\ForbiddenHttpException: 您没有执行此操作的权限。 in /usr/local/var/www/htdocs/oa/vendor/mdmsoft/yii2-admin/components/AccessControl.php:88
Stack trace:
#0 /usr/local/var/www/htdocs/oa/vendor/mdmsoft/yii2-admin/components/AccessControl.php(73): mdm\admin\components\AccessControl->denyAccess(Object(yii\web\User))
#1 /usr/local/var/www/htdocs/oa/vendor/yiisoft/yii2/base/ActionFilter.php(75): mdm\admin\components\AccessControl->beforeAction(Object(yii\base\InlineAction))
#2 [internal function]: yii\base\ActionFilter->beforeFilter(Object(yii\base\ActionEvent))
#3 /usr/local/var/www/htdocs/oa/vendor/yiisoft/yii2/base/Component.php(545): call_user_func(Array, Object(yii\base\ActionEvent))
#4 /usr/local/var/www/htdocs/oa/vendor/yiisoft/yii2/base/Module.php(676): yii\base\Component->trigger('beforeAction', Object(yii\base\ActionEvent))
#5 /usr/local/var/www/htdocs/oa/vendor/yiisoft/yii2/base/Controller.php(144): yii\base\Module->beforeAction(Object(yii\base\InlineAction))
#6 /usr/local/var/www/htdocs/oa/vendor/yiisoft/yii2/base/Module.php(523): yii\base\Controller->runAction('toolbar', Array)
#7 /usr/local/var/www/htdocs/oa/vendor/yiisoft/yii2/web/Application.php(102): yii\base\Module->runAction('debug/default/t...', Array)
#8 /usr/local/var/www/htdocs/oa/vendor/yiisoft/yii2/base/Application.php(380): yii\web\Application->handleRequest(Object(yii\web\Request))
#9 /usr/local/var/www/htdocs/oa/backend/web/index.php(23): yii\base\Application->run()
#10 {main}
2017-05-31 10:13:54 [127.0.0.1][56][5mv7cip8si7nkob4pn9esjiod1][info][application] $_GET = [
    'tag' => '592e9762ab75c'
]

$_COOKIE = [
    '_csrf' => '7e7f2ad925db0497b0c032f61090b689d45d0c59850e9a00b9a8448e6c92d1cfa:2:{i:0;s:5:\"_csrf\";i:1;s:32:\"-QYoyAMVdAp9hqnjLKj8zGTGFJdEBfkl\";}'
    'PHPSESSID' => '5mv7cip8si7nkob4pn9esjiod1'
]

$_SESSION = [
    '__flash' => []
    '__returnUrl' => '/'
    '__captcha/site/captcha' => 'poqg'
    '__captcha/site/captchacount' => 1
    '__id' => 56
]

$_SERVER = [
    'REDIRECT_STATUS' => '200'
    'HTTP_HOST' => 'oa.com'
    'HTTP_CONNECTION' => 'keep-alive'
    'HTTP_ACCEPT' => 'text/html'
    'HTTP_X_REQUESTED_WITH' => 'XMLHttpRequest'
    'HTTP_USER_AGENT' => 'Mozilla/5.0 (Macintosh; Intel Mac OS X 10_12_5) AppleWebKit/537.36 (KHTML, like Gecko) Chrome/58.0.3029.110 Safari/537.36'
    'HTTP_REFERER' => 'http://oa.com/billing/arrange-operation'
    'HTTP_ACCEPT_ENCODING' => 'gzip, deflate, sdch'
    'HTTP_ACCEPT_LANGUAGE' => 'zh-CN,zh;q=0.8'
    'HTTP_COOKIE' => '_csrf=7e7f2ad925db0497b0c032f61090b689d45d0c59850e9a00b9a8448e6c92d1cfa%3A2%3A%7Bi%3A0%3Bs%3A5%3A%22_csrf%22%3Bi%3A1%3Bs%3A32%3A%22-QYoyAMVdAp9hqnjLKj8zGTGFJdEBfkl%22%3B%7D; PHPSESSID=5mv7cip8si7nkob4pn9esjiod1'
    'PATH' => '/usr/local/bin:/usr/bin:/bin:/usr/sbin:/sbin'
    'DYLD_LIBRARY_PATH' => '/usr/local/Cellar/httpd24/2.4.25/lib'
    'SERVER_SIGNATURE' => ''
    'SERVER_SOFTWARE' => 'Apache/2.4.25 (Unix) PHP/7.1.3'
    'SERVER_NAME' => 'oa.com'
    'SERVER_ADDR' => '127.0.0.1'
    'SERVER_PORT' => '80'
    'REMOTE_ADDR' => '127.0.0.1'
    'DOCUMENT_ROOT' => '/usr/local/var/www/htdocs/oa/backend/web/'
    'REQUEST_SCHEME' => 'http'
    'CONTEXT_PREFIX' => ''
    'CONTEXT_DOCUMENT_ROOT' => '/usr/local/var/www/htdocs/oa/backend/web/'
    'SERVER_ADMIN' => 'localhost'
    'SCRIPT_FILENAME' => '/usr/local/var/www/htdocs/oa/backend/web/index.php'
    'REMOTE_PORT' => '57378'
    'REDIRECT_URL' => '/debug/default/toolbar'
    'REDIRECT_QUERY_STRING' => 'tag=592e9762ab75c'
    'GATEWAY_INTERFACE' => 'CGI/1.1'
    'SERVER_PROTOCOL' => 'HTTP/1.1'
    'REQUEST_METHOD' => 'GET'
    'QUERY_STRING' => 'tag=592e9762ab75c'
    'REQUEST_URI' => '/debug/default/toolbar?tag=592e9762ab75c'
    'SCRIPT_NAME' => '/index.php'
    'PHP_SELF' => '/index.php'
    'REQUEST_TIME_FLOAT' => 1496225634.878
    'REQUEST_TIME' => 1496225634
]
2017-05-31 10:13:55 [127.0.0.1][56][5mv7cip8si7nkob4pn9esjiod1][error][yii\web\HttpException:403] yii\web\ForbiddenHttpException: 您没有执行此操作的权限。 in /usr/local/var/www/htdocs/oa/vendor/mdmsoft/yii2-admin/components/AccessControl.php:88
Stack trace:
#0 /usr/local/var/www/htdocs/oa/vendor/mdmsoft/yii2-admin/components/AccessControl.php(73): mdm\admin\components\AccessControl->denyAccess(Object(yii\web\User))
#1 /usr/local/var/www/htdocs/oa/vendor/yiisoft/yii2/base/ActionFilter.php(75): mdm\admin\components\AccessControl->beforeAction(Object(yii\base\InlineAction))
#2 [internal function]: yii\base\ActionFilter->beforeFilter(Object(yii\base\ActionEvent))
#3 /usr/local/var/www/htdocs/oa/vendor/yiisoft/yii2/base/Component.php(545): call_user_func(Array, Object(yii\base\ActionEvent))
#4 /usr/local/var/www/htdocs/oa/vendor/yiisoft/yii2/base/Module.php(676): yii\base\Component->trigger('beforeAction', Object(yii\base\ActionEvent))
#5 /usr/local/var/www/htdocs/oa/vendor/yiisoft/yii2/base/Controller.php(144): yii\base\Module->beforeAction(Object(yii\base\InlineAction))
#6 /usr/local/var/www/htdocs/oa/vendor/yiisoft/yii2/base/Module.php(523): yii\base\Controller->runAction('ip', Array)
#7 /usr/local/var/www/htdocs/oa/vendor/yiisoft/yii2/web/Application.php(102): yii\base\Module->runAction('visit/ip', Array)
#8 /usr/local/var/www/htdocs/oa/vendor/yiisoft/yii2/base/Application.php(380): yii\web\Application->handleRequest(Object(yii\web\Request))
#9 /usr/local/var/www/htdocs/oa/backend/web/index.php(23): yii\base\Application->run()
#10 {main}
2017-05-31 10:13:55 [127.0.0.1][56][5mv7cip8si7nkob4pn9esjiod1][info][application] $_POST = [
    'ip' => '123.160.233.92'
]

$_COOKIE = [
    '_csrf' => '7e7f2ad925db0497b0c032f61090b689d45d0c59850e9a00b9a8448e6c92d1cfa:2:{i:0;s:5:\"_csrf\";i:1;s:32:\"-QYoyAMVdAp9hqnjLKj8zGTGFJdEBfkl\";}'
    'PHPSESSID' => '5mv7cip8si7nkob4pn9esjiod1'
]

$_SESSION = [
    '__flash' => []
    '__returnUrl' => '/'
    '__captcha/site/captcha' => 'poqg'
    '__captcha/site/captchacount' => 1
    '__id' => 56
]

$_SERVER = [
    'REDIRECT_STATUS' => '200'
    'HTTP_HOST' => 'oa.com'
    'HTTP_CONNECTION' => 'keep-alive'
    'CONTENT_LENGTH' => '17'
    'HTTP_ACCEPT' => '*/*'
    'HTTP_ORIGIN' => 'http://oa.com'
    'HTTP_X_CSRF_TOKEN' => 'M0pQaTNSd0geGwkGShM6HlcLIFBbIxkifwE6UUkVIw91ADQscTQcJA=='
    'HTTP_USER_AGENT' => 'Mozilla/5.0 (Macintosh; Intel Mac OS X 10_12_5) AppleWebKit/537.36 (KHTML, like Gecko) Chrome/58.0.3029.110 Safari/537.36'
    'HTTP_X_REQUESTED_WITH' => 'XMLHttpRequest'
    'CONTENT_TYPE' => 'application/x-www-form-urlencoded; charset=UTF-8'
    'HTTP_REFERER' => 'http://oa.com/billing/arrange-operation'
    'HTTP_ACCEPT_ENCODING' => 'gzip, deflate'
    'HTTP_ACCEPT_LANGUAGE' => 'zh-CN,zh;q=0.8'
    'HTTP_COOKIE' => '_csrf=7e7f2ad925db0497b0c032f61090b689d45d0c59850e9a00b9a8448e6c92d1cfa%3A2%3A%7Bi%3A0%3Bs%3A5%3A%22_csrf%22%3Bi%3A1%3Bs%3A32%3A%22-QYoyAMVdAp9hqnjLKj8zGTGFJdEBfkl%22%3B%7D; PHPSESSID=5mv7cip8si7nkob4pn9esjiod1'
    'PATH' => '/usr/local/bin:/usr/bin:/bin:/usr/sbin:/sbin'
    'DYLD_LIBRARY_PATH' => '/usr/local/Cellar/httpd24/2.4.25/lib'
    'SERVER_SIGNATURE' => ''
    'SERVER_SOFTWARE' => 'Apache/2.4.25 (Unix) PHP/7.1.3'
    'SERVER_NAME' => 'oa.com'
    'SERVER_ADDR' => '127.0.0.1'
    'SERVER_PORT' => '80'
    'REMOTE_ADDR' => '127.0.0.1'
    'DOCUMENT_ROOT' => '/usr/local/var/www/htdocs/oa/backend/web/'
    'REQUEST_SCHEME' => 'http'
    'CONTEXT_PREFIX' => ''
    'CONTEXT_DOCUMENT_ROOT' => '/usr/local/var/www/htdocs/oa/backend/web/'
    'SERVER_ADMIN' => 'localhost'
    'SCRIPT_FILENAME' => '/usr/local/var/www/htdocs/oa/backend/web/index.php'
    'REMOTE_PORT' => '57382'
    'REDIRECT_URL' => '/visit/ip'
    'GATEWAY_INTERFACE' => 'CGI/1.1'
    'SERVER_PROTOCOL' => 'HTTP/1.1'
    'REQUEST_METHOD' => 'POST'
    'QUERY_STRING' => ''
    'REQUEST_URI' => '/visit/ip'
    'SCRIPT_NAME' => '/index.php'
    'PHP_SELF' => '/index.php'
    'REQUEST_TIME_FLOAT' => 1496225634.975
    'REQUEST_TIME' => 1496225634
]
2017-05-31 10:13:55 [127.0.0.1][56][5mv7cip8si7nkob4pn9esjiod1][error][yii\web\HttpException:403] yii\web\ForbiddenHttpException: 您没有执行此操作的权限。 in /usr/local/var/www/htdocs/oa/vendor/mdmsoft/yii2-admin/components/AccessControl.php:88
Stack trace:
#0 /usr/local/var/www/htdocs/oa/vendor/mdmsoft/yii2-admin/components/AccessControl.php(73): mdm\admin\components\AccessControl->denyAccess(Object(yii\web\User))
#1 /usr/local/var/www/htdocs/oa/vendor/yiisoft/yii2/base/ActionFilter.php(75): mdm\admin\components\AccessControl->beforeAction(Object(yii\base\InlineAction))
#2 [internal function]: yii\base\ActionFilter->beforeFilter(Object(yii\base\ActionEvent))
#3 /usr/local/var/www/htdocs/oa/vendor/yiisoft/yii2/base/Component.php(545): call_user_func(Array, Object(yii\base\ActionEvent))
#4 /usr/local/var/www/htdocs/oa/vendor/yiisoft/yii2/base/Module.php(676): yii\base\Component->trigger('beforeAction', Object(yii\base\ActionEvent))
#5 /usr/local/var/www/htdocs/oa/vendor/yiisoft/yii2/base/Controller.php(144): yii\base\Module->beforeAction(Object(yii\base\InlineAction))
#6 /usr/local/var/www/htdocs/oa/vendor/yiisoft/yii2/base/Module.php(523): yii\base\Controller->runAction('create', Array)
#7 /usr/local/var/www/htdocs/oa/vendor/yiisoft/yii2/web/Application.php(102): yii\base\Module->runAction('supplie-order/c...', Array)
#8 /usr/local/var/www/htdocs/oa/vendor/yiisoft/yii2/base/Application.php(380): yii\web\Application->handleRequest(Object(yii\web\Request))
#9 /usr/local/var/www/htdocs/oa/backend/web/index.php(23): yii\base\Application->run()
#10 {main}
2017-05-31 10:13:55 [127.0.0.1][56][5mv7cip8si7nkob4pn9esjiod1][info][application] $_GET = [
    'id' => '1'
]

$_COOKIE = [
    '_csrf' => '7e7f2ad925db0497b0c032f61090b689d45d0c59850e9a00b9a8448e6c92d1cfa:2:{i:0;s:5:\"_csrf\";i:1;s:32:\"-QYoyAMVdAp9hqnjLKj8zGTGFJdEBfkl\";}'
    'PHPSESSID' => '5mv7cip8si7nkob4pn9esjiod1'
]

$_SESSION = [
    '__flash' => []
    '__returnUrl' => '/'
    '__captcha/site/captcha' => 'poqg'
    '__captcha/site/captchacount' => 1
    '__id' => 56
]

$_SERVER = [
    'REDIRECT_STATUS' => '200'
    'HTTP_HOST' => 'oa.com'
    'HTTP_CONNECTION' => 'keep-alive'
    'HTTP_UPGRADE_INSECURE_REQUESTS' => '1'
    'HTTP_USER_AGENT' => 'Mozilla/5.0 (Macintosh; Intel Mac OS X 10_12_5) AppleWebKit/537.36 (KHTML, like Gecko) Chrome/58.0.3029.110 Safari/537.36'
    'HTTP_ACCEPT' => 'text/html,application/xhtml+xml,application/xml;q=0.9,image/webp,*/*;q=0.8'
    'HTTP_REFERER' => 'http://oa.com/billing/arrange-operation'
    'HTTP_ACCEPT_ENCODING' => 'gzip, deflate, sdch'
    'HTTP_ACCEPT_LANGUAGE' => 'zh-CN,zh;q=0.8'
    'HTTP_COOKIE' => '_csrf=7e7f2ad925db0497b0c032f61090b689d45d0c59850e9a00b9a8448e6c92d1cfa%3A2%3A%7Bi%3A0%3Bs%3A5%3A%22_csrf%22%3Bi%3A1%3Bs%3A32%3A%22-QYoyAMVdAp9hqnjLKj8zGTGFJdEBfkl%22%3B%7D; PHPSESSID=5mv7cip8si7nkob4pn9esjiod1'
    'PATH' => '/usr/local/bin:/usr/bin:/bin:/usr/sbin:/sbin'
    'DYLD_LIBRARY_PATH' => '/usr/local/Cellar/httpd24/2.4.25/lib'
    'SERVER_SIGNATURE' => ''
    'SERVER_SOFTWARE' => 'Apache/2.4.25 (Unix) PHP/7.1.3'
    'SERVER_NAME' => 'oa.com'
    'SERVER_ADDR' => '127.0.0.1'
    'SERVER_PORT' => '80'
    'REMOTE_ADDR' => '127.0.0.1'
    'DOCUMENT_ROOT' => '/usr/local/var/www/htdocs/oa/backend/web/'
    'REQUEST_SCHEME' => 'http'
    'CONTEXT_PREFIX' => ''
    'CONTEXT_DOCUMENT_ROOT' => '/usr/local/var/www/htdocs/oa/backend/web/'
    'SERVER_ADMIN' => 'localhost'
    'SCRIPT_FILENAME' => '/usr/local/var/www/htdocs/oa/backend/web/index.php'
    'REMOTE_PORT' => '57382'
    'REDIRECT_URL' => '/supplie-order/create/1'
    'GATEWAY_INTERFACE' => 'CGI/1.1'
    'SERVER_PROTOCOL' => 'HTTP/1.1'
    'REQUEST_METHOD' => 'GET'
    'QUERY_STRING' => ''
    'REQUEST_URI' => '/supplie-order/create/1'
    'SCRIPT_NAME' => '/index.php'
    'PHP_SELF' => '/index.php'
    'REQUEST_TIME_FLOAT' => 1496225635.886
    'REQUEST_TIME' => 1496225635
]
2017-05-31 10:13:56 [127.0.0.1][56][5mv7cip8si7nkob4pn9esjiod1][error][yii\web\HttpException:403] yii\web\ForbiddenHttpException: 您没有执行此操作的权限。 in /usr/local/var/www/htdocs/oa/vendor/mdmsoft/yii2-admin/components/AccessControl.php:88
Stack trace:
#0 /usr/local/var/www/htdocs/oa/vendor/mdmsoft/yii2-admin/components/AccessControl.php(73): mdm\admin\components\AccessControl->denyAccess(Object(yii\web\User))
#1 /usr/local/var/www/htdocs/oa/vendor/yiisoft/yii2/base/ActionFilter.php(75): mdm\admin\components\AccessControl->beforeAction(Object(yii\base\InlineAction))
#2 [internal function]: yii\base\ActionFilter->beforeFilter(Object(yii\base\ActionEvent))
#3 /usr/local/var/www/htdocs/oa/vendor/yiisoft/yii2/base/Component.php(545): call_user_func(Array, Object(yii\base\ActionEvent))
#4 /usr/local/var/www/htdocs/oa/vendor/yiisoft/yii2/base/Module.php(676): yii\base\Component->trigger('beforeAction', Object(yii\base\ActionEvent))
#5 /usr/local/var/www/htdocs/oa/vendor/yiisoft/yii2/base/Controller.php(144): yii\base\Module->beforeAction(Object(yii\base\InlineAction))
#6 /usr/local/var/www/htdocs/oa/vendor/yiisoft/yii2/base/Module.php(523): yii\base\Controller->runAction('toolbar', Array)
#7 /usr/local/var/www/htdocs/oa/vendor/yiisoft/yii2/web/Application.php(102): yii\base\Module->runAction('debug/default/t...', Array)
#8 /usr/local/var/www/htdocs/oa/vendor/yiisoft/yii2/base/Application.php(380): yii\web\Application->handleRequest(Object(yii\web\Request))
#9 /usr/local/var/www/htdocs/oa/backend/web/index.php(23): yii\base\Application->run()
#10 {main}
2017-05-31 10:13:56 [127.0.0.1][56][5mv7cip8si7nkob4pn9esjiod1][info][application] $_GET = [
    'tag' => '592e9763e0b79'
]

$_COOKIE = [
    '_csrf' => '7e7f2ad925db0497b0c032f61090b689d45d0c59850e9a00b9a8448e6c92d1cfa:2:{i:0;s:5:\"_csrf\";i:1;s:32:\"-QYoyAMVdAp9hqnjLKj8zGTGFJdEBfkl\";}'
    'PHPSESSID' => '5mv7cip8si7nkob4pn9esjiod1'
]

$_SESSION = [
    '__flash' => []
    '__returnUrl' => '/'
    '__captcha/site/captcha' => 'poqg'
    '__captcha/site/captchacount' => 1
    '__id' => 56
]

$_SERVER = [
    'REDIRECT_STATUS' => '200'
    'HTTP_HOST' => 'oa.com'
    'HTTP_CONNECTION' => 'keep-alive'
    'HTTP_ACCEPT' => 'text/html'
    'HTTP_X_REQUESTED_WITH' => 'XMLHttpRequest'
    'HTTP_USER_AGENT' => 'Mozilla/5.0 (Macintosh; Intel Mac OS X 10_12_5) AppleWebKit/537.36 (KHTML, like Gecko) Chrome/58.0.3029.110 Safari/537.36'
    'HTTP_REFERER' => 'http://oa.com/supplie-order/create/1'
    'HTTP_ACCEPT_ENCODING' => 'gzip, deflate, sdch'
    'HTTP_ACCEPT_LANGUAGE' => 'zh-CN,zh;q=0.8'
    'HTTP_COOKIE' => '_csrf=7e7f2ad925db0497b0c032f61090b689d45d0c59850e9a00b9a8448e6c92d1cfa%3A2%3A%7Bi%3A0%3Bs%3A5%3A%22_csrf%22%3Bi%3A1%3Bs%3A32%3A%22-QYoyAMVdAp9hqnjLKj8zGTGFJdEBfkl%22%3B%7D; PHPSESSID=5mv7cip8si7nkob4pn9esjiod1'
    'PATH' => '/usr/local/bin:/usr/bin:/bin:/usr/sbin:/sbin'
    'DYLD_LIBRARY_PATH' => '/usr/local/Cellar/httpd24/2.4.25/lib'
    'SERVER_SIGNATURE' => ''
    'SERVER_SOFTWARE' => 'Apache/2.4.25 (Unix) PHP/7.1.3'
    'SERVER_NAME' => 'oa.com'
    'SERVER_ADDR' => '127.0.0.1'
    'SERVER_PORT' => '80'
    'REMOTE_ADDR' => '127.0.0.1'
    'DOCUMENT_ROOT' => '/usr/local/var/www/htdocs/oa/backend/web/'
    'REQUEST_SCHEME' => 'http'
    'CONTEXT_PREFIX' => ''
    'CONTEXT_DOCUMENT_ROOT' => '/usr/local/var/www/htdocs/oa/backend/web/'
    'SERVER_ADMIN' => 'localhost'
    'SCRIPT_FILENAME' => '/usr/local/var/www/htdocs/oa/backend/web/index.php'
    'REMOTE_PORT' => '57382'
    'REDIRECT_URL' => '/debug/default/toolbar'
    'REDIRECT_QUERY_STRING' => 'tag=592e9763e0b79'
    'GATEWAY_INTERFACE' => 'CGI/1.1'
    'SERVER_PROTOCOL' => 'HTTP/1.1'
    'REQUEST_METHOD' => 'GET'
    'QUERY_STRING' => 'tag=592e9763e0b79'
    'REQUEST_URI' => '/debug/default/toolbar?tag=592e9763e0b79'
    'SCRIPT_NAME' => '/index.php'
    'PHP_SELF' => '/index.php'
    'REQUEST_TIME_FLOAT' => 1496225636.032
    'REQUEST_TIME' => 1496225636
]
2017-05-31 10:13:56 [127.0.0.1][56][5mv7cip8si7nkob4pn9esjiod1][error][yii\web\HttpException:403] yii\web\ForbiddenHttpException: 您没有执行此操作的权限。 in /usr/local/var/www/htdocs/oa/vendor/mdmsoft/yii2-admin/components/AccessControl.php:88
Stack trace:
#0 /usr/local/var/www/htdocs/oa/vendor/mdmsoft/yii2-admin/components/AccessControl.php(73): mdm\admin\components\AccessControl->denyAccess(Object(yii\web\User))
#1 /usr/local/var/www/htdocs/oa/vendor/yiisoft/yii2/base/ActionFilter.php(75): mdm\admin\components\AccessControl->beforeAction(Object(yii\base\InlineAction))
#2 [internal function]: yii\base\ActionFilter->beforeFilter(Object(yii\base\ActionEvent))
#3 /usr/local/var/www/htdocs/oa/vendor/yiisoft/yii2/base/Component.php(545): call_user_func(Array, Object(yii\base\ActionEvent))
#4 /usr/local/var/www/htdocs/oa/vendor/yiisoft/yii2/base/Module.php(676): yii\base\Component->trigger('beforeAction', Object(yii\base\ActionEvent))
#5 /usr/local/var/www/htdocs/oa/vendor/yiisoft/yii2/base/Controller.php(144): yii\base\Module->beforeAction(Object(yii\base\InlineAction))
#6 /usr/local/var/www/htdocs/oa/vendor/yiisoft/yii2/base/Module.php(523): yii\base\Controller->runAction('ip', Array)
#7 /usr/local/var/www/htdocs/oa/vendor/yiisoft/yii2/web/Application.php(102): yii\base\Module->runAction('visit/ip', Array)
#8 /usr/local/var/www/htdocs/oa/vendor/yiisoft/yii2/base/Application.php(380): yii\web\Application->handleRequest(Object(yii\web\Request))
#9 /usr/local/var/www/htdocs/oa/backend/web/index.php(23): yii\base\Application->run()
#10 {main}
2017-05-31 10:13:56 [127.0.0.1][56][5mv7cip8si7nkob4pn9esjiod1][info][application] $_POST = [
    'ip' => '123.160.233.92'
]

$_COOKIE = [
    '_csrf' => '7e7f2ad925db0497b0c032f61090b689d45d0c59850e9a00b9a8448e6c92d1cfa:2:{i:0;s:5:\"_csrf\";i:1;s:32:\"-QYoyAMVdAp9hqnjLKj8zGTGFJdEBfkl\";}'
    'PHPSESSID' => '5mv7cip8si7nkob4pn9esjiod1'
]

$_SESSION = [
    '__flash' => []
    '__returnUrl' => '/'
    '__captcha/site/captcha' => 'poqg'
    '__captcha/site/captchacount' => 1
    '__id' => 56
]

$_SERVER = [
    'REDIRECT_STATUS' => '200'
    'HTTP_HOST' => 'oa.com'
    'HTTP_CONNECTION' => 'keep-alive'
    'CONTENT_LENGTH' => '17'
    'HTTP_ACCEPT' => '*/*'
    'HTTP_ORIGIN' => 'http://oa.com'
    'HTTP_X_CSRF_TOKEN' => 'a0RUdFB4blVGFQ0bKTkjAw8FJE04CQA/Jw8.TCo/OhItDjAxEh4FOQ=='
    'HTTP_USER_AGENT' => 'Mozilla/5.0 (Macintosh; Intel Mac OS X 10_12_5) AppleWebKit/537.36 (KHTML, like Gecko) Chrome/58.0.3029.110 Safari/537.36'
    'HTTP_X_REQUESTED_WITH' => 'XMLHttpRequest'
    'CONTENT_TYPE' => 'application/x-www-form-urlencoded; charset=UTF-8'
    'HTTP_REFERER' => 'http://oa.com/supplie-order/create/1'
    'HTTP_ACCEPT_ENCODING' => 'gzip, deflate'
    'HTTP_ACCEPT_LANGUAGE' => 'zh-CN,zh;q=0.8'
    'HTTP_COOKIE' => '_csrf=7e7f2ad925db0497b0c032f61090b689d45d0c59850e9a00b9a8448e6c92d1cfa%3A2%3A%7Bi%3A0%3Bs%3A5%3A%22_csrf%22%3Bi%3A1%3Bs%3A32%3A%22-QYoyAMVdAp9hqnjLKj8zGTGFJdEBfkl%22%3B%7D; PHPSESSID=5mv7cip8si7nkob4pn9esjiod1'
    'PATH' => '/usr/local/bin:/usr/bin:/bin:/usr/sbin:/sbin'
    'DYLD_LIBRARY_PATH' => '/usr/local/Cellar/httpd24/2.4.25/lib'
    'SERVER_SIGNATURE' => ''
    'SERVER_SOFTWARE' => 'Apache/2.4.25 (Unix) PHP/7.1.3'
    'SERVER_NAME' => 'oa.com'
    'SERVER_ADDR' => '127.0.0.1'
    'SERVER_PORT' => '80'
    'REMOTE_ADDR' => '127.0.0.1'
    'DOCUMENT_ROOT' => '/usr/local/var/www/htdocs/oa/backend/web/'
    'REQUEST_SCHEME' => 'http'
    'CONTEXT_PREFIX' => ''
    'CONTEXT_DOCUMENT_ROOT' => '/usr/local/var/www/htdocs/oa/backend/web/'
    'SERVER_ADMIN' => 'localhost'
    'SCRIPT_FILENAME' => '/usr/local/var/www/htdocs/oa/backend/web/index.php'
    'REMOTE_PORT' => '57378'
    'REDIRECT_URL' => '/visit/ip'
    'GATEWAY_INTERFACE' => 'CGI/1.1'
    'SERVER_PROTOCOL' => 'HTTP/1.1'
    'REQUEST_METHOD' => 'POST'
    'QUERY_STRING' => ''
    'REQUEST_URI' => '/visit/ip'
    'SCRIPT_NAME' => '/index.php'
    'PHP_SELF' => '/index.php'
    'REQUEST_TIME_FLOAT' => 1496225636.092
    'REQUEST_TIME' => 1496225636
]
2017-05-31 10:15:02 [127.0.0.1][56][5mv7cip8si7nkob4pn9esjiod1][error][yii\web\HttpException:403] yii\web\ForbiddenHttpException: 您没有执行此操作的权限。 in /usr/local/var/www/htdocs/oa/vendor/mdmsoft/yii2-admin/components/AccessControl.php:88
Stack trace:
#0 /usr/local/var/www/htdocs/oa/vendor/mdmsoft/yii2-admin/components/AccessControl.php(73): mdm\admin\components\AccessControl->denyAccess(Object(yii\web\User))
#1 /usr/local/var/www/htdocs/oa/vendor/yiisoft/yii2/base/ActionFilter.php(75): mdm\admin\components\AccessControl->beforeAction(Object(yii\base\InlineAction))
#2 [internal function]: yii\base\ActionFilter->beforeFilter(Object(yii\base\ActionEvent))
#3 /usr/local/var/www/htdocs/oa/vendor/yiisoft/yii2/base/Component.php(545): call_user_func(Array, Object(yii\base\ActionEvent))
#4 /usr/local/var/www/htdocs/oa/vendor/yiisoft/yii2/base/Module.php(676): yii\base\Component->trigger('beforeAction', Object(yii\base\ActionEvent))
#5 /usr/local/var/www/htdocs/oa/vendor/yiisoft/yii2/base/Controller.php(144): yii\base\Module->beforeAction(Object(yii\base\InlineAction))
#6 /usr/local/var/www/htdocs/oa/vendor/yiisoft/yii2/base/Module.php(523): yii\base\Controller->runAction('toolbar', Array)
#7 /usr/local/var/www/htdocs/oa/vendor/yiisoft/yii2/web/Application.php(102): yii\base\Module->runAction('debug/default/t...', Array)
#8 /usr/local/var/www/htdocs/oa/vendor/yiisoft/yii2/base/Application.php(380): yii\web\Application->handleRequest(Object(yii\web\Request))
#9 /usr/local/var/www/htdocs/oa/backend/web/index.php(23): yii\base\Application->run()
#10 {main}
2017-05-31 10:15:02 [127.0.0.1][56][5mv7cip8si7nkob4pn9esjiod1][info][application] $_GET = [
    'tag' => '592e97a62f8a0'
]

$_COOKIE = [
    '_csrf' => '7e7f2ad925db0497b0c032f61090b689d45d0c59850e9a00b9a8448e6c92d1cfa:2:{i:0;s:5:\"_csrf\";i:1;s:32:\"-QYoyAMVdAp9hqnjLKj8zGTGFJdEBfkl\";}'
    'PHPSESSID' => '5mv7cip8si7nkob4pn9esjiod1'
]

$_SESSION = [
    '__flash' => []
    '__returnUrl' => '/'
    '__captcha/site/captcha' => 'poqg'
    '__captcha/site/captchacount' => 1
    '__id' => 56
]

$_SERVER = [
    'REDIRECT_STATUS' => '200'
    'HTTP_HOST' => 'oa.com'
    'HTTP_CONNECTION' => 'keep-alive'
    'HTTP_ACCEPT' => 'text/html'
    'HTTP_X_REQUESTED_WITH' => 'XMLHttpRequest'
    'HTTP_USER_AGENT' => 'Mozilla/5.0 (Macintosh; Intel Mac OS X 10_12_5) AppleWebKit/537.36 (KHTML, like Gecko) Chrome/58.0.3029.110 Safari/537.36'
    'HTTP_REFERER' => 'http://oa.com/billing/arrange-operation'
    'HTTP_ACCEPT_ENCODING' => 'gzip, deflate, sdch'
    'HTTP_ACCEPT_LANGUAGE' => 'zh-CN,zh;q=0.8'
    'HTTP_COOKIE' => '_csrf=7e7f2ad925db0497b0c032f61090b689d45d0c59850e9a00b9a8448e6c92d1cfa%3A2%3A%7Bi%3A0%3Bs%3A5%3A%22_csrf%22%3Bi%3A1%3Bs%3A32%3A%22-QYoyAMVdAp9hqnjLKj8zGTGFJdEBfkl%22%3B%7D; PHPSESSID=5mv7cip8si7nkob4pn9esjiod1'
    'PATH' => '/usr/local/bin:/usr/bin:/bin:/usr/sbin:/sbin'
    'DYLD_LIBRARY_PATH' => '/usr/local/Cellar/httpd24/2.4.25/lib'
    'SERVER_SIGNATURE' => ''
    'SERVER_SOFTWARE' => 'Apache/2.4.25 (Unix) PHP/7.1.3'
    'SERVER_NAME' => 'oa.com'
    'SERVER_ADDR' => '127.0.0.1'
    'SERVER_PORT' => '80'
    'REMOTE_ADDR' => '127.0.0.1'
    'DOCUMENT_ROOT' => '/usr/local/var/www/htdocs/oa/backend/web/'
    'REQUEST_SCHEME' => 'http'
    'CONTEXT_PREFIX' => ''
    'CONTEXT_DOCUMENT_ROOT' => '/usr/local/var/www/htdocs/oa/backend/web/'
    'SERVER_ADMIN' => 'localhost'
    'SCRIPT_FILENAME' => '/usr/local/var/www/htdocs/oa/backend/web/index.php'
    'REMOTE_PORT' => '57386'
    'REDIRECT_URL' => '/debug/default/toolbar'
    'REDIRECT_QUERY_STRING' => 'tag=592e97a62f8a0'
    'GATEWAY_INTERFACE' => 'CGI/1.1'
    'SERVER_PROTOCOL' => 'HTTP/1.1'
    'REQUEST_METHOD' => 'GET'
    'QUERY_STRING' => 'tag=592e97a62f8a0'
    'REQUEST_URI' => '/debug/default/toolbar?tag=592e97a62f8a0'
    'SCRIPT_NAME' => '/index.php'
    'PHP_SELF' => '/index.php'
    'REQUEST_TIME_FLOAT' => 1496225702.406
    'REQUEST_TIME' => 1496225702
]
2017-05-31 10:15:02 [127.0.0.1][56][5mv7cip8si7nkob4pn9esjiod1][error][yii\web\HttpException:403] yii\web\ForbiddenHttpException: 您没有执行此操作的权限。 in /usr/local/var/www/htdocs/oa/vendor/mdmsoft/yii2-admin/components/AccessControl.php:88
Stack trace:
#0 /usr/local/var/www/htdocs/oa/vendor/mdmsoft/yii2-admin/components/AccessControl.php(73): mdm\admin\components\AccessControl->denyAccess(Object(yii\web\User))
#1 /usr/local/var/www/htdocs/oa/vendor/yiisoft/yii2/base/ActionFilter.php(75): mdm\admin\components\AccessControl->beforeAction(Object(yii\base\InlineAction))
#2 [internal function]: yii\base\ActionFilter->beforeFilter(Object(yii\base\ActionEvent))
#3 /usr/local/var/www/htdocs/oa/vendor/yiisoft/yii2/base/Component.php(545): call_user_func(Array, Object(yii\base\ActionEvent))
#4 /usr/local/var/www/htdocs/oa/vendor/yiisoft/yii2/base/Module.php(676): yii\base\Component->trigger('beforeAction', Object(yii\base\ActionEvent))
#5 /usr/local/var/www/htdocs/oa/vendor/yiisoft/yii2/base/Controller.php(144): yii\base\Module->beforeAction(Object(yii\base\InlineAction))
#6 /usr/local/var/www/htdocs/oa/vendor/yiisoft/yii2/base/Module.php(523): yii\base\Controller->runAction('ip', Array)
#7 /usr/local/var/www/htdocs/oa/vendor/yiisoft/yii2/web/Application.php(102): yii\base\Module->runAction('visit/ip', Array)
#8 /usr/local/var/www/htdocs/oa/vendor/yiisoft/yii2/base/Application.php(380): yii\web\Application->handleRequest(Object(yii\web\Request))
#9 /usr/local/var/www/htdocs/oa/backend/web/index.php(23): yii\base\Application->run()
#10 {main}
2017-05-31 10:15:02 [127.0.0.1][56][5mv7cip8si7nkob4pn9esjiod1][info][application] $_POST = [
    'ip' => '123.160.233.92'
]

$_COOKIE = [
    '_csrf' => '7e7f2ad925db0497b0c032f61090b689d45d0c59850e9a00b9a8448e6c92d1cfa:2:{i:0;s:5:\"_csrf\";i:1;s:32:\"-QYoyAMVdAp9hqnjLKj8zGTGFJdEBfkl\";}'
    'PHPSESSID' => '5mv7cip8si7nkob4pn9esjiod1'
]

$_SESSION = [
    '__flash' => []
    '__returnUrl' => '/'
    '__captcha/site/captcha' => 'poqg'
    '__captcha/site/captchacount' => 1
    '__id' => 56
]

$_SERVER = [
    'REDIRECT_STATUS' => '200'
    'HTTP_HOST' => 'oa.com'
    'HTTP_CONNECTION' => 'keep-alive'
    'CONTENT_LENGTH' => '17'
    'HTTP_ACCEPT' => '*/*'
    'HTTP_ORIGIN' => 'http://oa.com'
    'HTTP_X_CSRF_TOKEN' => 'dTdlVTkydzNYZjw6QHM6ZRF2FWxRQxlZOXwPbUN1I3QzfQEQe1QcXw=='
    'HTTP_USER_AGENT' => 'Mozilla/5.0 (Macintosh; Intel Mac OS X 10_12_5) AppleWebKit/537.36 (KHTML, like Gecko) Chrome/58.0.3029.110 Safari/537.36'
    'HTTP_X_REQUESTED_WITH' => 'XMLHttpRequest'
    'CONTENT_TYPE' => 'application/x-www-form-urlencoded; charset=UTF-8'
    'HTTP_REFERER' => 'http://oa.com/billing/arrange-operation'
    'HTTP_ACCEPT_ENCODING' => 'gzip, deflate'
    'HTTP_ACCEPT_LANGUAGE' => 'zh-CN,zh;q=0.8'
    'HTTP_COOKIE' => '_csrf=7e7f2ad925db0497b0c032f61090b689d45d0c59850e9a00b9a8448e6c92d1cfa%3A2%3A%7Bi%3A0%3Bs%3A5%3A%22_csrf%22%3Bi%3A1%3Bs%3A32%3A%22-QYoyAMVdAp9hqnjLKj8zGTGFJdEBfkl%22%3B%7D; PHPSESSID=5mv7cip8si7nkob4pn9esjiod1'
    'PATH' => '/usr/local/bin:/usr/bin:/bin:/usr/sbin:/sbin'
    'DYLD_LIBRARY_PATH' => '/usr/local/Cellar/httpd24/2.4.25/lib'
    'SERVER_SIGNATURE' => ''
    'SERVER_SOFTWARE' => 'Apache/2.4.25 (Unix) PHP/7.1.3'
    'SERVER_NAME' => 'oa.com'
    'SERVER_ADDR' => '127.0.0.1'
    'SERVER_PORT' => '80'
    'REMOTE_ADDR' => '127.0.0.1'
    'DOCUMENT_ROOT' => '/usr/local/var/www/htdocs/oa/backend/web/'
    'REQUEST_SCHEME' => 'http'
    'CONTEXT_PREFIX' => ''
    'CONTEXT_DOCUMENT_ROOT' => '/usr/local/var/www/htdocs/oa/backend/web/'
    'SERVER_ADMIN' => 'localhost'
    'SCRIPT_FILENAME' => '/usr/local/var/www/htdocs/oa/backend/web/index.php'
    'REMOTE_PORT' => '57391'
    'REDIRECT_URL' => '/visit/ip'
    'GATEWAY_INTERFACE' => 'CGI/1.1'
    'SERVER_PROTOCOL' => 'HTTP/1.1'
    'REQUEST_METHOD' => 'POST'
    'QUERY_STRING' => ''
    'REQUEST_URI' => '/visit/ip'
    'SCRIPT_NAME' => '/index.php'
    'PHP_SELF' => '/index.php'
    'REQUEST_TIME_FLOAT' => 1496225702.504
    'REQUEST_TIME' => 1496225702
]
2017-05-31 10:16:30 [127.0.0.1][56][5mv7cip8si7nkob4pn9esjiod1][error][yii\base\ErrorException:8] yii\base\ErrorException: Undefined variable: billing in /usr/local/var/www/htdocs/oa/backend/controllers/DrugOrderController.php:90
Stack trace:
#0 /usr/local/var/www/htdocs/oa/backend/controllers/DrugOrderController.php(90): yii\base\ErrorHandler->handleError(8, 'Undefined varia...', '/usr/local/var/...', 90, Array)
#1 [internal function]: backend\controllers\DrugOrderController->actionCreate('1')
#2 /usr/local/var/www/htdocs/oa/vendor/yiisoft/yii2/base/InlineAction.php(57): call_user_func_array(Array, Array)
#3 /usr/local/var/www/htdocs/oa/vendor/yiisoft/yii2/base/Controller.php(156): yii\base\InlineAction->runWithParams(Array)
#4 /usr/local/var/www/htdocs/oa/vendor/yiisoft/yii2/base/Module.php(523): yii\base\Controller->runAction('create', Array)
#5 /usr/local/var/www/htdocs/oa/vendor/yiisoft/yii2/web/Application.php(102): yii\base\Module->runAction('drug-order/crea...', Array)
#6 /usr/local/var/www/htdocs/oa/vendor/yiisoft/yii2/base/Application.php(380): yii\web\Application->handleRequest(Object(yii\web\Request))
#7 /usr/local/var/www/htdocs/oa/backend/web/index.php(23): yii\base\Application->run()
#8 {main}
2017-05-31 10:16:30 [127.0.0.1][56][5mv7cip8si7nkob4pn9esjiod1][info][application] $_GET = [
    'id' => '1'
]

$_COOKIE = [
    '_csrf' => '7e7f2ad925db0497b0c032f61090b689d45d0c59850e9a00b9a8448e6c92d1cfa:2:{i:0;s:5:\"_csrf\";i:1;s:32:\"-QYoyAMVdAp9hqnjLKj8zGTGFJdEBfkl\";}'
    'PHPSESSID' => '5mv7cip8si7nkob4pn9esjiod1'
]

$_SESSION = [
    '__flash' => []
    '__returnUrl' => '/'
    '__captcha/site/captcha' => 'poqg'
    '__captcha/site/captchacount' => 1
    '__id' => 56
]

$_SERVER = [
    'REDIRECT_STATUS' => '200'
    'HTTP_HOST' => 'oa.com'
    'HTTP_CONNECTION' => 'keep-alive'
    'HTTP_CACHE_CONTROL' => 'max-age=0'
    'HTTP_UPGRADE_INSECURE_REQUESTS' => '1'
    'HTTP_USER_AGENT' => 'Mozilla/5.0 (Macintosh; Intel Mac OS X 10_12_5) AppleWebKit/537.36 (KHTML, like Gecko) Chrome/58.0.3029.110 Safari/537.36'
    'HTTP_ACCEPT' => 'text/html,application/xhtml+xml,application/xml;q=0.9,image/webp,*/*;q=0.8'
    'HTTP_REFERER' => 'http://oa.com/billing/arrange-operation'
    'HTTP_ACCEPT_ENCODING' => 'gzip, deflate, sdch'
    'HTTP_ACCEPT_LANGUAGE' => 'zh-CN,zh;q=0.8'
    'HTTP_COOKIE' => '_csrf=7e7f2ad925db0497b0c032f61090b689d45d0c59850e9a00b9a8448e6c92d1cfa%3A2%3A%7Bi%3A0%3Bs%3A5%3A%22_csrf%22%3Bi%3A1%3Bs%3A32%3A%22-QYoyAMVdAp9hqnjLKj8zGTGFJdEBfkl%22%3B%7D; PHPSESSID=5mv7cip8si7nkob4pn9esjiod1'
    'PATH' => '/usr/local/bin:/usr/bin:/bin:/usr/sbin:/sbin'
    'DYLD_LIBRARY_PATH' => '/usr/local/Cellar/httpd24/2.4.25/lib'
    'SERVER_SIGNATURE' => ''
    'SERVER_SOFTWARE' => 'Apache/2.4.25 (Unix) PHP/7.1.3'
    'SERVER_NAME' => 'oa.com'
    'SERVER_ADDR' => '127.0.0.1'
    'SERVER_PORT' => '80'
    'REMOTE_ADDR' => '127.0.0.1'
    'DOCUMENT_ROOT' => '/usr/local/var/www/htdocs/oa/backend/web/'
    'REQUEST_SCHEME' => 'http'
    'CONTEXT_PREFIX' => ''
    'CONTEXT_DOCUMENT_ROOT' => '/usr/local/var/www/htdocs/oa/backend/web/'
    'SERVER_ADMIN' => 'localhost'
    'SCRIPT_FILENAME' => '/usr/local/var/www/htdocs/oa/backend/web/index.php'
    'REMOTE_PORT' => '57404'
    'REDIRECT_URL' => '/drug-order/create/1'
    'GATEWAY_INTERFACE' => 'CGI/1.1'
    'SERVER_PROTOCOL' => 'HTTP/1.1'
    'REQUEST_METHOD' => 'GET'
    'QUERY_STRING' => ''
    'REQUEST_URI' => '/drug-order/create/1'
    'SCRIPT_NAME' => '/index.php'
    'PHP_SELF' => '/index.php'
    'REQUEST_TIME_FLOAT' => 1496225790.752
    'REQUEST_TIME' => 1496225790
]
2017-05-31 10:16:54 [127.0.0.1][56][5mv7cip8si7nkob4pn9esjiod1][error][yii\base\ErrorException:8] yii\base\ErrorException: Undefined variable: amount in /usr/local/var/www/htdocs/oa/backend/controllers/DrugOrderController.php:92
Stack trace:
#0 /usr/local/var/www/htdocs/oa/backend/controllers/DrugOrderController.php(92): yii\base\ErrorHandler->handleError(8, 'Undefined varia...', '/usr/local/var/...', 92, Array)
#1 [internal function]: backend\controllers\DrugOrderController->actionCreate('1')
#2 /usr/local/var/www/htdocs/oa/vendor/yiisoft/yii2/base/InlineAction.php(57): call_user_func_array(Array, Array)
#3 /usr/local/var/www/htdocs/oa/vendor/yiisoft/yii2/base/Controller.php(156): yii\base\InlineAction->runWithParams(Array)
#4 /usr/local/var/www/htdocs/oa/vendor/yiisoft/yii2/base/Module.php(523): yii\base\Controller->runAction('create', Array)
#5 /usr/local/var/www/htdocs/oa/vendor/yiisoft/yii2/web/Application.php(102): yii\base\Module->runAction('drug-order/crea...', Array)
#6 /usr/local/var/www/htdocs/oa/vendor/yiisoft/yii2/base/Application.php(380): yii\web\Application->handleRequest(Object(yii\web\Request))
#7 /usr/local/var/www/htdocs/oa/backend/web/index.php(23): yii\base\Application->run()
#8 {main}
2017-05-31 10:16:54 [127.0.0.1][56][5mv7cip8si7nkob4pn9esjiod1][info][application] $_GET = [
    'id' => '1'
]

$_COOKIE = [
    '_csrf' => '7e7f2ad925db0497b0c032f61090b689d45d0c59850e9a00b9a8448e6c92d1cfa:2:{i:0;s:5:\"_csrf\";i:1;s:32:\"-QYoyAMVdAp9hqnjLKj8zGTGFJdEBfkl\";}'
    'PHPSESSID' => '5mv7cip8si7nkob4pn9esjiod1'
]

$_SESSION = [
    '__flash' => []
    '__returnUrl' => '/'
    '__captcha/site/captcha' => 'poqg'
    '__captcha/site/captchacount' => 1
    '__id' => 56
]

$_SERVER = [
    'REDIRECT_STATUS' => '200'
    'HTTP_HOST' => 'oa.com'
    'HTTP_CONNECTION' => 'keep-alive'
    'HTTP_CACHE_CONTROL' => 'max-age=0'
    'HTTP_UPGRADE_INSECURE_REQUESTS' => '1'
    'HTTP_USER_AGENT' => 'Mozilla/5.0 (Macintosh; Intel Mac OS X 10_12_5) AppleWebKit/537.36 (KHTML, like Gecko) Chrome/58.0.3029.110 Safari/537.36'
    'HTTP_ACCEPT' => 'text/html,application/xhtml+xml,application/xml;q=0.9,image/webp,*/*;q=0.8'
    'HTTP_REFERER' => 'http://oa.com/billing/arrange-operation'
    'HTTP_ACCEPT_ENCODING' => 'gzip, deflate, sdch'
    'HTTP_ACCEPT_LANGUAGE' => 'zh-CN,zh;q=0.8'
    'HTTP_COOKIE' => '_csrf=7e7f2ad925db0497b0c032f61090b689d45d0c59850e9a00b9a8448e6c92d1cfa%3A2%3A%7Bi%3A0%3Bs%3A5%3A%22_csrf%22%3Bi%3A1%3Bs%3A32%3A%22-QYoyAMVdAp9hqnjLKj8zGTGFJdEBfkl%22%3B%7D; PHPSESSID=5mv7cip8si7nkob4pn9esjiod1'
    'PATH' => '/usr/local/bin:/usr/bin:/bin:/usr/sbin:/sbin'
    'DYLD_LIBRARY_PATH' => '/usr/local/Cellar/httpd24/2.4.25/lib'
    'SERVER_SIGNATURE' => ''
    'SERVER_SOFTWARE' => 'Apache/2.4.25 (Unix) PHP/7.1.3'
    'SERVER_NAME' => 'oa.com'
    'SERVER_ADDR' => '127.0.0.1'
    'SERVER_PORT' => '80'
    'REMOTE_ADDR' => '127.0.0.1'
    'DOCUMENT_ROOT' => '/usr/local/var/www/htdocs/oa/backend/web/'
    'REQUEST_SCHEME' => 'http'
    'CONTEXT_PREFIX' => ''
    'CONTEXT_DOCUMENT_ROOT' => '/usr/local/var/www/htdocs/oa/backend/web/'
    'SERVER_ADMIN' => 'localhost'
    'SCRIPT_FILENAME' => '/usr/local/var/www/htdocs/oa/backend/web/index.php'
    'REMOTE_PORT' => '57416'
    'REDIRECT_URL' => '/drug-order/create/1'
    'GATEWAY_INTERFACE' => 'CGI/1.1'
    'SERVER_PROTOCOL' => 'HTTP/1.1'
    'REQUEST_METHOD' => 'GET'
    'QUERY_STRING' => ''
    'REQUEST_URI' => '/drug-order/create/1'
    'SCRIPT_NAME' => '/index.php'
    'PHP_SELF' => '/index.php'
    'REQUEST_TIME_FLOAT' => 1496225814.303
    'REQUEST_TIME' => 1496225814
]
2017-05-31 10:19:06 [127.0.0.1][56][5mv7cip8si7nkob4pn9esjiod1][error][yii\base\ErrorException:8] yii\base\ErrorException: Undefined variable: data in /usr/local/var/www/htdocs/oa/backend/controllers/DrugOrderController.php:115
Stack trace:
#0 /usr/local/var/www/htdocs/oa/backend/controllers/DrugOrderController.php(115): yii\base\ErrorHandler->handleError(8, 'Undefined varia...', '/usr/local/var/...', 115, Array)
#1 [internal function]: backend\controllers\DrugOrderController->actionCreate('1')
#2 /usr/local/var/www/htdocs/oa/vendor/yiisoft/yii2/base/InlineAction.php(57): call_user_func_array(Array, Array)
#3 /usr/local/var/www/htdocs/oa/vendor/yiisoft/yii2/base/Controller.php(156): yii\base\InlineAction->runWithParams(Array)
#4 /usr/local/var/www/htdocs/oa/vendor/yiisoft/yii2/base/Module.php(523): yii\base\Controller->runAction('create', Array)
#5 /usr/local/var/www/htdocs/oa/vendor/yiisoft/yii2/web/Application.php(102): yii\base\Module->runAction('drug-order/crea...', Array)
#6 /usr/local/var/www/htdocs/oa/vendor/yiisoft/yii2/base/Application.php(380): yii\web\Application->handleRequest(Object(yii\web\Request))
#7 /usr/local/var/www/htdocs/oa/backend/web/index.php(23): yii\base\Application->run()
#8 {main}
2017-05-31 10:19:06 [127.0.0.1][56][5mv7cip8si7nkob4pn9esjiod1][info][application] $_GET = [
    'id' => '1'
]

$_COOKIE = [
    '_csrf' => '7e7f2ad925db0497b0c032f61090b689d45d0c59850e9a00b9a8448e6c92d1cfa:2:{i:0;s:5:\"_csrf\";i:1;s:32:\"-QYoyAMVdAp9hqnjLKj8zGTGFJdEBfkl\";}'
    'PHPSESSID' => '5mv7cip8si7nkob4pn9esjiod1'
]

$_SESSION = [
    '__flash' => []
    '__returnUrl' => '/'
    '__captcha/site/captcha' => 'poqg'
    '__captcha/site/captchacount' => 1
    '__id' => 56
]

$_SERVER = [
    'REDIRECT_STATUS' => '200'
    'HTTP_HOST' => 'oa.com'
    'HTTP_CONNECTION' => 'keep-alive'
    'HTTP_CACHE_CONTROL' => 'max-age=0'
    'HTTP_UPGRADE_INSECURE_REQUESTS' => '1'
    'HTTP_USER_AGENT' => 'Mozilla/5.0 (Macintosh; Intel Mac OS X 10_12_5) AppleWebKit/537.36 (KHTML, like Gecko) Chrome/58.0.3029.110 Safari/537.36'
    'HTTP_ACCEPT' => 'text/html,application/xhtml+xml,application/xml;q=0.9,image/webp,*/*;q=0.8'
    'HTTP_REFERER' => 'http://oa.com/billing/arrange-operation'
    'HTTP_ACCEPT_ENCODING' => 'gzip, deflate, sdch'
    'HTTP_ACCEPT_LANGUAGE' => 'zh-CN,zh;q=0.8'
    'HTTP_COOKIE' => '_csrf=7e7f2ad925db0497b0c032f61090b689d45d0c59850e9a00b9a8448e6c92d1cfa%3A2%3A%7Bi%3A0%3Bs%3A5%3A%22_csrf%22%3Bi%3A1%3Bs%3A32%3A%22-QYoyAMVdAp9hqnjLKj8zGTGFJdEBfkl%22%3B%7D; PHPSESSID=5mv7cip8si7nkob4pn9esjiod1'
    'PATH' => '/usr/local/bin:/usr/bin:/bin:/usr/sbin:/sbin'
    'DYLD_LIBRARY_PATH' => '/usr/local/Cellar/httpd24/2.4.25/lib'
    'SERVER_SIGNATURE' => ''
    'SERVER_SOFTWARE' => 'Apache/2.4.25 (Unix) PHP/7.1.3'
    'SERVER_NAME' => 'oa.com'
    'SERVER_ADDR' => '127.0.0.1'
    'SERVER_PORT' => '80'
    'REMOTE_ADDR' => '127.0.0.1'
    'DOCUMENT_ROOT' => '/usr/local/var/www/htdocs/oa/backend/web/'
    'REQUEST_SCHEME' => 'http'
    'CONTEXT_PREFIX' => ''
    'CONTEXT_DOCUMENT_ROOT' => '/usr/local/var/www/htdocs/oa/backend/web/'
    'SERVER_ADMIN' => 'localhost'
    'SCRIPT_FILENAME' => '/usr/local/var/www/htdocs/oa/backend/web/index.php'
    'REMOTE_PORT' => '57447'
    'REDIRECT_URL' => '/drug-order/create/1'
    'GATEWAY_INTERFACE' => 'CGI/1.1'
    'SERVER_PROTOCOL' => 'HTTP/1.1'
    'REQUEST_METHOD' => 'GET'
    'QUERY_STRING' => ''
    'REQUEST_URI' => '/drug-order/create/1'
    'SCRIPT_NAME' => '/index.php'
    'PHP_SELF' => '/index.php'
    'REQUEST_TIME_FLOAT' => 1496225946.627
    'REQUEST_TIME' => 1496225946
]
2017-05-31 11:09:33 [127.0.0.1][56][5mv7cip8si7nkob4pn9esjiod1][error][yii\web\HttpException:403] yii\web\ForbiddenHttpException: 您没有执行此操作的权限。 in /usr/local/var/www/htdocs/oa/vendor/mdmsoft/yii2-admin/components/AccessControl.php:88
Stack trace:
#0 /usr/local/var/www/htdocs/oa/vendor/mdmsoft/yii2-admin/components/AccessControl.php(73): mdm\admin\components\AccessControl->denyAccess(Object(yii\web\User))
#1 /usr/local/var/www/htdocs/oa/vendor/yiisoft/yii2/base/ActionFilter.php(75): mdm\admin\components\AccessControl->beforeAction(Object(yii\base\InlineAction))
#2 [internal function]: yii\base\ActionFilter->beforeFilter(Object(yii\base\ActionEvent))
#3 /usr/local/var/www/htdocs/oa/vendor/yiisoft/yii2/base/Component.php(545): call_user_func(Array, Object(yii\base\ActionEvent))
#4 /usr/local/var/www/htdocs/oa/vendor/yiisoft/yii2/base/Module.php(676): yii\base\Component->trigger('beforeAction', Object(yii\base\ActionEvent))
#5 /usr/local/var/www/htdocs/oa/vendor/yiisoft/yii2/base/Controller.php(144): yii\base\Module->beforeAction(Object(yii\base\InlineAction))
#6 /usr/local/var/www/htdocs/oa/vendor/yiisoft/yii2/base/Module.php(523): yii\base\Controller->runAction('toolbar', Array)
#7 /usr/local/var/www/htdocs/oa/vendor/yiisoft/yii2/web/Application.php(102): yii\base\Module->runAction('debug/default/t...', Array)
#8 /usr/local/var/www/htdocs/oa/vendor/yiisoft/yii2/base/Application.php(380): yii\web\Application->handleRequest(Object(yii\web\Request))
#9 /usr/local/var/www/htdocs/oa/backend/web/index.php(23): yii\base\Application->run()
#10 {main}
2017-05-31 11:09:33 [127.0.0.1][56][5mv7cip8si7nkob4pn9esjiod1][info][application] $_GET = [
    'tag' => '592ea46d1b29c'
]

$_COOKIE = [
    '_csrf' => '7e7f2ad925db0497b0c032f61090b689d45d0c59850e9a00b9a8448e6c92d1cfa:2:{i:0;s:5:\"_csrf\";i:1;s:32:\"-QYoyAMVdAp9hqnjLKj8zGTGFJdEBfkl\";}'
    'PHPSESSID' => '5mv7cip8si7nkob4pn9esjiod1'
]

$_SESSION = [
    '__flash' => []
    '__returnUrl' => '/'
    '__captcha/site/captcha' => 'poqg'
    '__captcha/site/captchacount' => 1
    '__id' => 56
]

$_SERVER = [
    'REDIRECT_STATUS' => '200'
    'HTTP_HOST' => 'oa.com'
    'HTTP_CONNECTION' => 'keep-alive'
    'HTTP_ACCEPT' => 'text/html'
    'HTTP_X_REQUESTED_WITH' => 'XMLHttpRequest'
    'HTTP_USER_AGENT' => 'Mozilla/5.0 (Macintosh; Intel Mac OS X 10_12_5) AppleWebKit/537.36 (KHTML, like Gecko) Chrome/58.0.3029.110 Safari/537.36'
    'HTTP_REFERER' => 'http://oa.com/billing/arrange-operation'
    'HTTP_ACCEPT_ENCODING' => 'gzip, deflate, sdch'
    'HTTP_ACCEPT_LANGUAGE' => 'zh-CN,zh;q=0.8'
    'HTTP_COOKIE' => '_csrf=7e7f2ad925db0497b0c032f61090b689d45d0c59850e9a00b9a8448e6c92d1cfa%3A2%3A%7Bi%3A0%3Bs%3A5%3A%22_csrf%22%3Bi%3A1%3Bs%3A32%3A%22-QYoyAMVdAp9hqnjLKj8zGTGFJdEBfkl%22%3B%7D; PHPSESSID=5mv7cip8si7nkob4pn9esjiod1'
    'PATH' => '/usr/local/bin:/usr/bin:/bin:/usr/sbin:/sbin'
    'DYLD_LIBRARY_PATH' => '/usr/local/Cellar/httpd24/2.4.25/lib'
    'SERVER_SIGNATURE' => ''
    'SERVER_SOFTWARE' => 'Apache/2.4.25 (Unix) PHP/7.1.3'
    'SERVER_NAME' => 'oa.com'
    'SERVER_ADDR' => '127.0.0.1'
    'SERVER_PORT' => '80'
    'REMOTE_ADDR' => '127.0.0.1'
    'DOCUMENT_ROOT' => '/usr/local/var/www/htdocs/oa/backend/web/'
    'REQUEST_SCHEME' => 'http'
    'CONTEXT_PREFIX' => ''
    'CONTEXT_DOCUMENT_ROOT' => '/usr/local/var/www/htdocs/oa/backend/web/'
    'SERVER_ADMIN' => 'localhost'
    'SCRIPT_FILENAME' => '/usr/local/var/www/htdocs/oa/backend/web/index.php'
    'REMOTE_PORT' => '57505'
    'REDIRECT_URL' => '/debug/default/toolbar'
    'REDIRECT_QUERY_STRING' => 'tag=592ea46d1b29c'
    'GATEWAY_INTERFACE' => 'CGI/1.1'
    'SERVER_PROTOCOL' => 'HTTP/1.1'
    'REQUEST_METHOD' => 'GET'
    'QUERY_STRING' => 'tag=592ea46d1b29c'
    'REQUEST_URI' => '/debug/default/toolbar?tag=592ea46d1b29c'
    'SCRIPT_NAME' => '/index.php'
    'PHP_SELF' => '/index.php'
    'REQUEST_TIME_FLOAT' => 1496228973.332
    'REQUEST_TIME' => 1496228973
]
2017-05-31 11:09:33 [127.0.0.1][56][5mv7cip8si7nkob4pn9esjiod1][error][yii\web\HttpException:403] yii\web\ForbiddenHttpException: 您没有执行此操作的权限。 in /usr/local/var/www/htdocs/oa/vendor/mdmsoft/yii2-admin/components/AccessControl.php:88
Stack trace:
#0 /usr/local/var/www/htdocs/oa/vendor/mdmsoft/yii2-admin/components/AccessControl.php(73): mdm\admin\components\AccessControl->denyAccess(Object(yii\web\User))
#1 /usr/local/var/www/htdocs/oa/vendor/yiisoft/yii2/base/ActionFilter.php(75): mdm\admin\components\AccessControl->beforeAction(Object(yii\base\InlineAction))
#2 [internal function]: yii\base\ActionFilter->beforeFilter(Object(yii\base\ActionEvent))
#3 /usr/local/var/www/htdocs/oa/vendor/yiisoft/yii2/base/Component.php(545): call_user_func(Array, Object(yii\base\ActionEvent))
#4 /usr/local/var/www/htdocs/oa/vendor/yiisoft/yii2/base/Module.php(676): yii\base\Component->trigger('beforeAction', Object(yii\base\ActionEvent))
#5 /usr/local/var/www/htdocs/oa/vendor/yiisoft/yii2/base/Controller.php(144): yii\base\Module->beforeAction(Object(yii\base\InlineAction))
#6 /usr/local/var/www/htdocs/oa/vendor/yiisoft/yii2/base/Module.php(523): yii\base\Controller->runAction('ip', Array)
#7 /usr/local/var/www/htdocs/oa/vendor/yiisoft/yii2/web/Application.php(102): yii\base\Module->runAction('visit/ip', Array)
#8 /usr/local/var/www/htdocs/oa/vendor/yiisoft/yii2/base/Application.php(380): yii\web\Application->handleRequest(Object(yii\web\Request))
#9 /usr/local/var/www/htdocs/oa/backend/web/index.php(23): yii\base\Application->run()
#10 {main}
2017-05-31 11:09:33 [127.0.0.1][56][5mv7cip8si7nkob4pn9esjiod1][info][application] $_POST = [
    'ip' => '123.160.233.92'
]

$_COOKIE = [
    '_csrf' => '7e7f2ad925db0497b0c032f61090b689d45d0c59850e9a00b9a8448e6c92d1cfa:2:{i:0;s:5:\"_csrf\";i:1;s:32:\"-QYoyAMVdAp9hqnjLKj8zGTGFJdEBfkl\";}'
    'PHPSESSID' => '5mv7cip8si7nkob4pn9esjiod1'
]

$_SESSION = [
    '__flash' => []
    '__returnUrl' => '/'
    '__captcha/site/captcha' => 'poqg'
    '__captcha/site/captchacount' => 1
    '__id' => 56
]

$_SERVER = [
    'REDIRECT_STATUS' => '200'
    'HTTP_HOST' => 'oa.com'
    'HTTP_CONNECTION' => 'keep-alive'
    'CONTENT_LENGTH' => '17'
    'HTTP_ACCEPT' => '*/*'
    'HTTP_ORIGIN' => 'http://oa.com'
    'HTTP_X_CSRF_TOKEN' => 'YzNvOURoTmxOYjZWPSkDOgdyHwAsGSAGL3gFAT4vGisleQt8Bg4lAA=='
    'HTTP_USER_AGENT' => 'Mozilla/5.0 (Macintosh; Intel Mac OS X 10_12_5) AppleWebKit/537.36 (KHTML, like Gecko) Chrome/58.0.3029.110 Safari/537.36'
    'HTTP_X_REQUESTED_WITH' => 'XMLHttpRequest'
    'CONTENT_TYPE' => 'application/x-www-form-urlencoded; charset=UTF-8'
    'HTTP_REFERER' => 'http://oa.com/billing/arrange-operation'
    'HTTP_ACCEPT_ENCODING' => 'gzip, deflate'
    'HTTP_ACCEPT_LANGUAGE' => 'zh-CN,zh;q=0.8'
    'HTTP_COOKIE' => '_csrf=7e7f2ad925db0497b0c032f61090b689d45d0c59850e9a00b9a8448e6c92d1cfa%3A2%3A%7Bi%3A0%3Bs%3A5%3A%22_csrf%22%3Bi%3A1%3Bs%3A32%3A%22-QYoyAMVdAp9hqnjLKj8zGTGFJdEBfkl%22%3B%7D; PHPSESSID=5mv7cip8si7nkob4pn9esjiod1'
    'PATH' => '/usr/local/bin:/usr/bin:/bin:/usr/sbin:/sbin'
    'DYLD_LIBRARY_PATH' => '/usr/local/Cellar/httpd24/2.4.25/lib'
    'SERVER_SIGNATURE' => ''
    'SERVER_SOFTWARE' => 'Apache/2.4.25 (Unix) PHP/7.1.3'
    'SERVER_NAME' => 'oa.com'
    'SERVER_ADDR' => '127.0.0.1'
    'SERVER_PORT' => '80'
    'REMOTE_ADDR' => '127.0.0.1'
    'DOCUMENT_ROOT' => '/usr/local/var/www/htdocs/oa/backend/web/'
    'REQUEST_SCHEME' => 'http'
    'CONTEXT_PREFIX' => ''
    'CONTEXT_DOCUMENT_ROOT' => '/usr/local/var/www/htdocs/oa/backend/web/'
    'SERVER_ADMIN' => 'localhost'
    'SCRIPT_FILENAME' => '/usr/local/var/www/htdocs/oa/backend/web/index.php'
    'REMOTE_PORT' => '57506'
    'REDIRECT_URL' => '/visit/ip'
    'GATEWAY_INTERFACE' => 'CGI/1.1'
    'SERVER_PROTOCOL' => 'HTTP/1.1'
    'REQUEST_METHOD' => 'POST'
    'QUERY_STRING' => ''
    'REQUEST_URI' => '/visit/ip'
    'SCRIPT_NAME' => '/index.php'
    'PHP_SELF' => '/index.php'
    'REQUEST_TIME_FLOAT' => 1496228973.479
    'REQUEST_TIME' => 1496228973
]
2017-05-31 11:09:40 [127.0.0.1][56][5mv7cip8si7nkob4pn9esjiod1][error][yii\web\HttpException:404] yii\base\InvalidRouteException: Unable to resolve the request "evection/common/widgets/file_upload/FileUpload". in /usr/local/var/www/htdocs/oa/vendor/yiisoft/yii2/base/Module.php:532
Stack trace:
#0 /usr/local/var/www/htdocs/oa/vendor/yiisoft/yii2/web/Application.php(102): yii\base\Module->runAction('evection/common...', Array)
#1 /usr/local/var/www/htdocs/oa/vendor/yiisoft/yii2/base/Application.php(380): yii\web\Application->handleRequest(Object(yii\web\Request))
#2 /usr/local/var/www/htdocs/oa/backend/web/index.php(23): yii\base\Application->run()
#3 {main}

Next yii\web\NotFoundHttpException: 页面未找到。 in /usr/local/var/www/htdocs/oa/vendor/yiisoft/yii2/web/Application.php:114
Stack trace:
#0 /usr/local/var/www/htdocs/oa/vendor/yiisoft/yii2/base/Application.php(380): yii\web\Application->handleRequest(Object(yii\web\Request))
#1 /usr/local/var/www/htdocs/oa/backend/web/index.php(23): yii\base\Application->run()
#2 {main}
2017-05-31 11:09:39 [127.0.0.1][56][5mv7cip8si7nkob4pn9esjiod1][info][application] $_COOKIE = [
    '_csrf' => '7e7f2ad925db0497b0c032f61090b689d45d0c59850e9a00b9a8448e6c92d1cfa:2:{i:0;s:5:\"_csrf\";i:1;s:32:\"-QYoyAMVdAp9hqnjLKj8zGTGFJdEBfkl\";}'
    'PHPSESSID' => '5mv7cip8si7nkob4pn9esjiod1'
]

$_SESSION = [
    '__flash' => []
    '__returnUrl' => '/'
    '__captcha/site/captcha' => 'poqg'
    '__captcha/site/captchacount' => 1
    '__id' => 56
]

$_SERVER = [
    'REDIRECT_STATUS' => '200'
    'HTTP_HOST' => 'oa.com'
    'HTTP_CONNECTION' => 'keep-alive'
    'HTTP_USER_AGENT' => 'Mozilla/5.0 (Macintosh; Intel Mac OS X 10_12_5) AppleWebKit/537.36 (KHTML, like Gecko) Chrome/58.0.3029.110 Safari/537.36'
    'HTTP_ACCEPT' => 'image/webp,image/*,*/*;q=0.8'
    'HTTP_REFERER' => 'http://oa.com/evection/index'
    'HTTP_ACCEPT_ENCODING' => 'gzip, deflate, sdch'
    'HTTP_ACCEPT_LANGUAGE' => 'zh-CN,zh;q=0.8'
    'HTTP_COOKIE' => '_csrf=7e7f2ad925db0497b0c032f61090b689d45d0c59850e9a00b9a8448e6c92d1cfa%3A2%3A%7Bi%3A0%3Bs%3A5%3A%22_csrf%22%3Bi%3A1%3Bs%3A32%3A%22-QYoyAMVdAp9hqnjLKj8zGTGFJdEBfkl%22%3B%7D; PHPSESSID=5mv7cip8si7nkob4pn9esjiod1'
    'PATH' => '/usr/local/bin:/usr/bin:/bin:/usr/sbin:/sbin'
    'DYLD_LIBRARY_PATH' => '/usr/local/Cellar/httpd24/2.4.25/lib'
    'SERVER_SIGNATURE' => ''
    'SERVER_SOFTWARE' => 'Apache/2.4.25 (Unix) PHP/7.1.3'
    'SERVER_NAME' => 'oa.com'
    'SERVER_ADDR' => '127.0.0.1'
    'SERVER_PORT' => '80'
    'REMOTE_ADDR' => '127.0.0.1'
    'DOCUMENT_ROOT' => '/usr/local/var/www/htdocs/oa/backend/web/'
    'REQUEST_SCHEME' => 'http'
    'CONTEXT_PREFIX' => ''
    'CONTEXT_DOCUMENT_ROOT' => '/usr/local/var/www/htdocs/oa/backend/web/'
    'SERVER_ADMIN' => 'localhost'
    'SCRIPT_FILENAME' => '/usr/local/var/www/htdocs/oa/backend/web/index.php'
    'REMOTE_PORT' => '57509'
    'REDIRECT_URL' => '/evection/common/widgets/file_upload/FileUpload'
    'GATEWAY_INTERFACE' => 'CGI/1.1'
    'SERVER_PROTOCOL' => 'HTTP/1.1'
    'REQUEST_METHOD' => 'GET'
    'QUERY_STRING' => ''
    'REQUEST_URI' => '/evection/common/widgets/file_upload/FileUpload'
    'SCRIPT_NAME' => '/index.php'
    'PHP_SELF' => '/index.php'
    'REQUEST_TIME_FLOAT' => 1496228979.957
    'REQUEST_TIME' => 1496228979
]
2017-05-31 11:09:40 [127.0.0.1][56][5mv7cip8si7nkob4pn9esjiod1][error][yii\web\HttpException:403] yii\web\ForbiddenHttpException: 您没有执行此操作的权限。 in /usr/local/var/www/htdocs/oa/vendor/mdmsoft/yii2-admin/components/AccessControl.php:88
Stack trace:
#0 /usr/local/var/www/htdocs/oa/vendor/mdmsoft/yii2-admin/components/AccessControl.php(73): mdm\admin\components\AccessControl->denyAccess(Object(yii\web\User))
#1 /usr/local/var/www/htdocs/oa/vendor/yiisoft/yii2/base/ActionFilter.php(75): mdm\admin\components\AccessControl->beforeAction(Object(yii\base\InlineAction))
#2 [internal function]: yii\base\ActionFilter->beforeFilter(Object(yii\base\ActionEvent))
#3 /usr/local/var/www/htdocs/oa/vendor/yiisoft/yii2/base/Component.php(545): call_user_func(Array, Object(yii\base\ActionEvent))
#4 /usr/local/var/www/htdocs/oa/vendor/yiisoft/yii2/base/Module.php(676): yii\base\Component->trigger('beforeAction', Object(yii\base\ActionEvent))
#5 /usr/local/var/www/htdocs/oa/vendor/yiisoft/yii2/base/Controller.php(144): yii\base\Module->beforeAction(Object(yii\base\InlineAction))
#6 /usr/local/var/www/htdocs/oa/vendor/yiisoft/yii2/base/Module.php(523): yii\base\Controller->runAction('toolbar', Array)
#7 /usr/local/var/www/htdocs/oa/vendor/yiisoft/yii2/web/Application.php(102): yii\base\Module->runAction('debug/default/t...', Array)
#8 /usr/local/var/www/htdocs/oa/vendor/yiisoft/yii2/base/Application.php(380): yii\web\Application->handleRequest(Object(yii\web\Request))
#9 /usr/local/var/www/htdocs/oa/backend/web/index.php(23): yii\base\Application->run()
#10 {main}
2017-05-31 11:09:40 [127.0.0.1][56][5mv7cip8si7nkob4pn9esjiod1][info][application] $_GET = [
    'tag' => '592ea473d6cc8'
]

$_COOKIE = [
    '_csrf' => '7e7f2ad925db0497b0c032f61090b689d45d0c59850e9a00b9a8448e6c92d1cfa:2:{i:0;s:5:\"_csrf\";i:1;s:32:\"-QYoyAMVdAp9hqnjLKj8zGTGFJdEBfkl\";}'
    'PHPSESSID' => '5mv7cip8si7nkob4pn9esjiod1'
]

$_SESSION = [
    '__flash' => []
    '__returnUrl' => '/'
    '__captcha/site/captcha' => 'poqg'
    '__captcha/site/captchacount' => 1
    '__id' => 56
]

$_SERVER = [
    'REDIRECT_STATUS' => '200'
    'HTTP_HOST' => 'oa.com'
    'HTTP_CONNECTION' => 'keep-alive'
    'HTTP_ACCEPT' => 'text/html'
    'HTTP_X_REQUESTED_WITH' => 'XMLHttpRequest'
    'HTTP_USER_AGENT' => 'Mozilla/5.0 (Macintosh; Intel Mac OS X 10_12_5) AppleWebKit/537.36 (KHTML, like Gecko) Chrome/58.0.3029.110 Safari/537.36'
    'HTTP_REFERER' => 'http://oa.com/evection/index'
    'HTTP_ACCEPT_ENCODING' => 'gzip, deflate, sdch'
    'HTTP_ACCEPT_LANGUAGE' => 'zh-CN,zh;q=0.8'
    'HTTP_COOKIE' => '_csrf=7e7f2ad925db0497b0c032f61090b689d45d0c59850e9a00b9a8448e6c92d1cfa%3A2%3A%7Bi%3A0%3Bs%3A5%3A%22_csrf%22%3Bi%3A1%3Bs%3A32%3A%22-QYoyAMVdAp9hqnjLKj8zGTGFJdEBfkl%22%3B%7D; PHPSESSID=5mv7cip8si7nkob4pn9esjiod1'
    'PATH' => '/usr/local/bin:/usr/bin:/bin:/usr/sbin:/sbin'
    'DYLD_LIBRARY_PATH' => '/usr/local/Cellar/httpd24/2.4.25/lib'
    'SERVER_SIGNATURE' => ''
    'SERVER_SOFTWARE' => 'Apache/2.4.25 (Unix) PHP/7.1.3'
    'SERVER_NAME' => 'oa.com'
    'SERVER_ADDR' => '127.0.0.1'
    'SERVER_PORT' => '80'
    'REMOTE_ADDR' => '127.0.0.1'
    'DOCUMENT_ROOT' => '/usr/local/var/www/htdocs/oa/backend/web/'
    'REQUEST_SCHEME' => 'http'
    'CONTEXT_PREFIX' => ''
    'CONTEXT_DOCUMENT_ROOT' => '/usr/local/var/www/htdocs/oa/backend/web/'
    'SERVER_ADMIN' => 'localhost'
    'SCRIPT_FILENAME' => '/usr/local/var/www/htdocs/oa/backend/web/index.php'
    'REMOTE_PORT' => '57507'
    'REDIRECT_URL' => '/debug/default/toolbar'
    'REDIRECT_QUERY_STRING' => 'tag=592ea473d6cc8'
    'GATEWAY_INTERFACE' => 'CGI/1.1'
    'SERVER_PROTOCOL' => 'HTTP/1.1'
    'REQUEST_METHOD' => 'GET'
    'QUERY_STRING' => 'tag=592ea473d6cc8'
    'REQUEST_URI' => '/debug/default/toolbar?tag=592ea473d6cc8'
    'SCRIPT_NAME' => '/index.php'
    'PHP_SELF' => '/index.php'
    'REQUEST_TIME_FLOAT' => 1496228979.994
    'REQUEST_TIME' => 1496228979
]
2017-05-31 11:09:40 [127.0.0.1][56][5mv7cip8si7nkob4pn9esjiod1][error][yii\web\HttpException:403] yii\web\ForbiddenHttpException: 您没有执行此操作的权限。 in /usr/local/var/www/htdocs/oa/vendor/mdmsoft/yii2-admin/components/AccessControl.php:88
Stack trace:
#0 /usr/local/var/www/htdocs/oa/vendor/mdmsoft/yii2-admin/components/AccessControl.php(73): mdm\admin\components\AccessControl->denyAccess(Object(yii\web\User))
#1 /usr/local/var/www/htdocs/oa/vendor/yiisoft/yii2/base/ActionFilter.php(75): mdm\admin\components\AccessControl->beforeAction(Object(yii\base\InlineAction))
#2 [internal function]: yii\base\ActionFilter->beforeFilter(Object(yii\base\ActionEvent))
#3 /usr/local/var/www/htdocs/oa/vendor/yiisoft/yii2/base/Component.php(545): call_user_func(Array, Object(yii\base\ActionEvent))
#4 /usr/local/var/www/htdocs/oa/vendor/yiisoft/yii2/base/Module.php(676): yii\base\Component->trigger('beforeAction', Object(yii\base\ActionEvent))
#5 /usr/local/var/www/htdocs/oa/vendor/yiisoft/yii2/base/Controller.php(144): yii\base\Module->beforeAction(Object(yii\base\InlineAction))
#6 /usr/local/var/www/htdocs/oa/vendor/yiisoft/yii2/base/Module.php(523): yii\base\Controller->runAction('ip', Array)
#7 /usr/local/var/www/htdocs/oa/vendor/yiisoft/yii2/web/Application.php(102): yii\base\Module->runAction('visit/ip', Array)
#8 /usr/local/var/www/htdocs/oa/vendor/yiisoft/yii2/base/Application.php(380): yii\web\Application->handleRequest(Object(yii\web\Request))
#9 /usr/local/var/www/htdocs/oa/backend/web/index.php(23): yii\base\Application->run()
#10 {main}
2017-05-31 11:09:40 [127.0.0.1][56][5mv7cip8si7nkob4pn9esjiod1][info][application] $_POST = [
    'ip' => '123.160.233.92'
]

$_COOKIE = [
    '_csrf' => '7e7f2ad925db0497b0c032f61090b689d45d0c59850e9a00b9a8448e6c92d1cfa:2:{i:0;s:5:\"_csrf\";i:1;s:32:\"-QYoyAMVdAp9hqnjLKj8zGTGFJdEBfkl\";}'
    'PHPSESSID' => '5mv7cip8si7nkob4pn9esjiod1'
]

$_SESSION = [
    '__flash' => []
    '__returnUrl' => '/'
    '__captcha/site/captcha' => 'poqg'
    '__captcha/site/captchacount' => 1
    '__id' => 56
]

$_SERVER = [
    'REDIRECT_STATUS' => '200'
    'HTTP_HOST' => 'oa.com'
    'HTTP_CONNECTION' => 'keep-alive'
    'CONTENT_LENGTH' => '17'
    'HTTP_ACCEPT' => '*/*'
    'HTTP_ORIGIN' => 'http://oa.com'
    'HTTP_X_CSRF_TOKEN' => 'QWxreGNFajVsPTIXGgQnYyUtG0ELNARfDScBQBkCPnIHJg89ISMBWQ=='
    'HTTP_USER_AGENT' => 'Mozilla/5.0 (Macintosh; Intel Mac OS X 10_12_5) AppleWebKit/537.36 (KHTML, like Gecko) Chrome/58.0.3029.110 Safari/537.36'
    'HTTP_X_REQUESTED_WITH' => 'XMLHttpRequest'
    'CONTENT_TYPE' => 'application/x-www-form-urlencoded; charset=UTF-8'
    'HTTP_REFERER' => 'http://oa.com/evection/index'
    'HTTP_ACCEPT_ENCODING' => 'gzip, deflate'
    'HTTP_ACCEPT_LANGUAGE' => 'zh-CN,zh;q=0.8'
    'HTTP_COOKIE' => '_csrf=7e7f2ad925db0497b0c032f61090b689d45d0c59850e9a00b9a8448e6c92d1cfa%3A2%3A%7Bi%3A0%3Bs%3A5%3A%22_csrf%22%3Bi%3A1%3Bs%3A32%3A%22-QYoyAMVdAp9hqnjLKj8zGTGFJdEBfkl%22%3B%7D; PHPSESSID=5mv7cip8si7nkob4pn9esjiod1'
    'PATH' => '/usr/local/bin:/usr/bin:/bin:/usr/sbin:/sbin'
    'DYLD_LIBRARY_PATH' => '/usr/local/Cellar/httpd24/2.4.25/lib'
    'SERVER_SIGNATURE' => ''
    'SERVER_SOFTWARE' => 'Apache/2.4.25 (Unix) PHP/7.1.3'
    'SERVER_NAME' => 'oa.com'
    'SERVER_ADDR' => '127.0.0.1'
    'SERVER_PORT' => '80'
    'REMOTE_ADDR' => '127.0.0.1'
    'DOCUMENT_ROOT' => '/usr/local/var/www/htdocs/oa/backend/web/'
    'REQUEST_SCHEME' => 'http'
    'CONTEXT_PREFIX' => ''
    'CONTEXT_DOCUMENT_ROOT' => '/usr/local/var/www/htdocs/oa/backend/web/'
    'SERVER_ADMIN' => 'localhost'
    'SCRIPT_FILENAME' => '/usr/local/var/www/htdocs/oa/backend/web/index.php'
    'REMOTE_PORT' => '57507'
    'REDIRECT_URL' => '/visit/ip'
    'GATEWAY_INTERFACE' => 'CGI/1.1'
    'SERVER_PROTOCOL' => 'HTTP/1.1'
    'REQUEST_METHOD' => 'POST'
    'QUERY_STRING' => ''
    'REQUEST_URI' => '/visit/ip'
    'SCRIPT_NAME' => '/index.php'
    'PHP_SELF' => '/index.php'
    'REQUEST_TIME_FLOAT' => 1496228980.147
    'REQUEST_TIME' => 1496228980
]
2017-05-31 11:09:42 [127.0.0.1][56][5mv7cip8si7nkob4pn9esjiod1][error][yii\web\HttpException:403] yii\web\ForbiddenHttpException: 您没有执行此操作的权限。 in /usr/local/var/www/htdocs/oa/vendor/mdmsoft/yii2-admin/components/AccessControl.php:88
Stack trace:
#0 /usr/local/var/www/htdocs/oa/vendor/mdmsoft/yii2-admin/components/AccessControl.php(73): mdm\admin\components\AccessControl->denyAccess(Object(yii\web\User))
#1 /usr/local/var/www/htdocs/oa/vendor/yiisoft/yii2/base/ActionFilter.php(75): mdm\admin\components\AccessControl->beforeAction(Object(yii\base\InlineAction))
#2 [internal function]: yii\base\ActionFilter->beforeFilter(Object(yii\base\ActionEvent))
#3 /usr/local/var/www/htdocs/oa/vendor/yiisoft/yii2/base/Component.php(545): call_user_func(Array, Object(yii\base\ActionEvent))
#4 /usr/local/var/www/htdocs/oa/vendor/yiisoft/yii2/base/Module.php(676): yii\base\Component->trigger('beforeAction', Object(yii\base\ActionEvent))
#5 /usr/local/var/www/htdocs/oa/vendor/yiisoft/yii2/base/Controller.php(144): yii\base\Module->beforeAction(Object(yii\base\InlineAction))
#6 /usr/local/var/www/htdocs/oa/vendor/yiisoft/yii2/base/Module.php(523): yii\base\Controller->runAction('toolbar', Array)
#7 /usr/local/var/www/htdocs/oa/vendor/yiisoft/yii2/web/Application.php(102): yii\base\Module->runAction('debug/default/t...', Array)
#8 /usr/local/var/www/htdocs/oa/vendor/yiisoft/yii2/base/Application.php(380): yii\web\Application->handleRequest(Object(yii\web\Request))
#9 /usr/local/var/www/htdocs/oa/backend/web/index.php(23): yii\base\Application->run()
#10 {main}
2017-05-31 11:09:42 [127.0.0.1][56][5mv7cip8si7nkob4pn9esjiod1][info][application] $_GET = [
    'tag' => '592ea4760d15d'
]

$_COOKIE = [
    '_csrf' => '7e7f2ad925db0497b0c032f61090b689d45d0c59850e9a00b9a8448e6c92d1cfa:2:{i:0;s:5:\"_csrf\";i:1;s:32:\"-QYoyAMVdAp9hqnjLKj8zGTGFJdEBfkl\";}'
    'PHPSESSID' => '5mv7cip8si7nkob4pn9esjiod1'
]

$_SESSION = [
    '__flash' => []
    '__returnUrl' => '/'
    '__captcha/site/captcha' => 'poqg'
    '__captcha/site/captchacount' => 1
    '__id' => 56
]

$_SERVER = [
    'REDIRECT_STATUS' => '200'
    'HTTP_HOST' => 'oa.com'
    'HTTP_CONNECTION' => 'keep-alive'
    'HTTP_ACCEPT' => 'text/html'
    'HTTP_X_REQUESTED_WITH' => 'XMLHttpRequest'
    'HTTP_USER_AGENT' => 'Mozilla/5.0 (Macintosh; Intel Mac OS X 10_12_5) AppleWebKit/537.36 (KHTML, like Gecko) Chrome/58.0.3029.110 Safari/537.36'
    'HTTP_REFERER' => 'http://oa.com/user/change-password'
    'HTTP_ACCEPT_ENCODING' => 'gzip, deflate, sdch'
    'HTTP_ACCEPT_LANGUAGE' => 'zh-CN,zh;q=0.8'
    'HTTP_COOKIE' => '_csrf=7e7f2ad925db0497b0c032f61090b689d45d0c59850e9a00b9a8448e6c92d1cfa%3A2%3A%7Bi%3A0%3Bs%3A5%3A%22_csrf%22%3Bi%3A1%3Bs%3A32%3A%22-QYoyAMVdAp9hqnjLKj8zGTGFJdEBfkl%22%3B%7D; PHPSESSID=5mv7cip8si7nkob4pn9esjiod1'
    'PATH' => '/usr/local/bin:/usr/bin:/bin:/usr/sbin:/sbin'
    'DYLD_LIBRARY_PATH' => '/usr/local/Cellar/httpd24/2.4.25/lib'
    'SERVER_SIGNATURE' => ''
    'SERVER_SOFTWARE' => 'Apache/2.4.25 (Unix) PHP/7.1.3'
    'SERVER_NAME' => 'oa.com'
    'SERVER_ADDR' => '127.0.0.1'
    'SERVER_PORT' => '80'
    'REMOTE_ADDR' => '127.0.0.1'
    'DOCUMENT_ROOT' => '/usr/local/var/www/htdocs/oa/backend/web/'
    'REQUEST_SCHEME' => 'http'
    'CONTEXT_PREFIX' => ''
    'CONTEXT_DOCUMENT_ROOT' => '/usr/local/var/www/htdocs/oa/backend/web/'
    'SERVER_ADMIN' => 'localhost'
    'SCRIPT_FILENAME' => '/usr/local/var/www/htdocs/oa/backend/web/index.php'
    'REMOTE_PORT' => '57509'
    'REDIRECT_URL' => '/debug/default/toolbar'
    'REDIRECT_QUERY_STRING' => 'tag=592ea4760d15d'
    'GATEWAY_INTERFACE' => 'CGI/1.1'
    'SERVER_PROTOCOL' => 'HTTP/1.1'
    'REQUEST_METHOD' => 'GET'
    'QUERY_STRING' => 'tag=592ea4760d15d'
    'REQUEST_URI' => '/debug/default/toolbar?tag=592ea4760d15d'
    'SCRIPT_NAME' => '/index.php'
    'PHP_SELF' => '/index.php'
    'REQUEST_TIME_FLOAT' => 1496228982.134
    'REQUEST_TIME' => 1496228982
]
2017-05-31 11:09:42 [127.0.0.1][56][5mv7cip8si7nkob4pn9esjiod1][error][yii\web\HttpException:403] yii\web\ForbiddenHttpException: 您没有执行此操作的权限。 in /usr/local/var/www/htdocs/oa/vendor/mdmsoft/yii2-admin/components/AccessControl.php:88
Stack trace:
#0 /usr/local/var/www/htdocs/oa/vendor/mdmsoft/yii2-admin/components/AccessControl.php(73): mdm\admin\components\AccessControl->denyAccess(Object(yii\web\User))
#1 /usr/local/var/www/htdocs/oa/vendor/yiisoft/yii2/base/ActionFilter.php(75): mdm\admin\components\AccessControl->beforeAction(Object(yii\base\InlineAction))
#2 [internal function]: yii\base\ActionFilter->beforeFilter(Object(yii\base\ActionEvent))
#3 /usr/local/var/www/htdocs/oa/vendor/yiisoft/yii2/base/Component.php(545): call_user_func(Array, Object(yii\base\ActionEvent))
#4 /usr/local/var/www/htdocs/oa/vendor/yiisoft/yii2/base/Module.php(676): yii\base\Component->trigger('beforeAction', Object(yii\base\ActionEvent))
#5 /usr/local/var/www/htdocs/oa/vendor/yiisoft/yii2/base/Controller.php(144): yii\base\Module->beforeAction(Object(yii\base\InlineAction))
#6 /usr/local/var/www/htdocs/oa/vendor/yiisoft/yii2/base/Module.php(523): yii\base\Controller->runAction('ip', Array)
#7 /usr/local/var/www/htdocs/oa/vendor/yiisoft/yii2/web/Application.php(102): yii\base\Module->runAction('visit/ip', Array)
#8 /usr/local/var/www/htdocs/oa/vendor/yiisoft/yii2/base/Application.php(380): yii\web\Application->handleRequest(Object(yii\web\Request))
#9 /usr/local/var/www/htdocs/oa/backend/web/index.php(23): yii\base\Application->run()
#10 {main}
2017-05-31 11:09:42 [127.0.0.1][56][5mv7cip8si7nkob4pn9esjiod1][info][application] $_POST = [
    'ip' => '123.160.233.92'
]

$_COOKIE = [
    '_csrf' => '7e7f2ad925db0497b0c032f61090b689d45d0c59850e9a00b9a8448e6c92d1cfa:2:{i:0;s:5:\"_csrf\";i:1;s:32:\"-QYoyAMVdAp9hqnjLKj8zGTGFJdEBfkl\";}'
    'PHPSESSID' => '5mv7cip8si7nkob4pn9esjiod1'
]

$_SESSION = [
    '__flash' => []
    '__returnUrl' => '/'
    '__captcha/site/captcha' => 'poqg'
    '__captcha/site/captchacount' => 1
    '__id' => 56
]

$_SERVER = [
    'REDIRECT_STATUS' => '200'
    'HTTP_HOST' => 'oa.com'
    'HTTP_CONNECTION' => 'keep-alive'
    'CONTENT_LENGTH' => '17'
    'HTTP_ACCEPT' => '*/*'
    'HTTP_ORIGIN' => 'http://oa.com'
    'HTTP_X_CSRF_TOKEN' => 'VWxVYnhRdDl4PQwNARA5bzEtJVsQIBpTGSc/WgIWIH4TJjEnOjcfVQ=='
    'HTTP_USER_AGENT' => 'Mozilla/5.0 (Macintosh; Intel Mac OS X 10_12_5) AppleWebKit/537.36 (KHTML, like Gecko) Chrome/58.0.3029.110 Safari/537.36'
    'HTTP_X_REQUESTED_WITH' => 'XMLHttpRequest'
    'CONTENT_TYPE' => 'application/x-www-form-urlencoded; charset=UTF-8'
    'HTTP_REFERER' => 'http://oa.com/user/change-password'
    'HTTP_ACCEPT_ENCODING' => 'gzip, deflate'
    'HTTP_ACCEPT_LANGUAGE' => 'zh-CN,zh;q=0.8'
    'HTTP_COOKIE' => '_csrf=7e7f2ad925db0497b0c032f61090b689d45d0c59850e9a00b9a8448e6c92d1cfa%3A2%3A%7Bi%3A0%3Bs%3A5%3A%22_csrf%22%3Bi%3A1%3Bs%3A32%3A%22-QYoyAMVdAp9hqnjLKj8zGTGFJdEBfkl%22%3B%7D; PHPSESSID=5mv7cip8si7nkob4pn9esjiod1'
    'PATH' => '/usr/local/bin:/usr/bin:/bin:/usr/sbin:/sbin'
    'DYLD_LIBRARY_PATH' => '/usr/local/Cellar/httpd24/2.4.25/lib'
    'SERVER_SIGNATURE' => ''
    'SERVER_SOFTWARE' => 'Apache/2.4.25 (Unix) PHP/7.1.3'
    'SERVER_NAME' => 'oa.com'
    'SERVER_ADDR' => '127.0.0.1'
    'SERVER_PORT' => '80'
    'REMOTE_ADDR' => '127.0.0.1'
    'DOCUMENT_ROOT' => '/usr/local/var/www/htdocs/oa/backend/web/'
    'REQUEST_SCHEME' => 'http'
    'CONTEXT_PREFIX' => ''
    'CONTEXT_DOCUMENT_ROOT' => '/usr/local/var/www/htdocs/oa/backend/web/'
    'SERVER_ADMIN' => 'localhost'
    'SCRIPT_FILENAME' => '/usr/local/var/www/htdocs/oa/backend/web/index.php'
    'REMOTE_PORT' => '57507'
    'REDIRECT_URL' => '/visit/ip'
    'GATEWAY_INTERFACE' => 'CGI/1.1'
    'SERVER_PROTOCOL' => 'HTTP/1.1'
    'REQUEST_METHOD' => 'POST'
    'QUERY_STRING' => ''
    'REQUEST_URI' => '/visit/ip'
    'SCRIPT_NAME' => '/index.php'
    'PHP_SELF' => '/index.php'
    'REQUEST_TIME_FLOAT' => 1496228982.223
    'REQUEST_TIME' => 1496228982
]
2017-05-31 11:09:47 [127.0.0.1][56][5mv7cip8si7nkob4pn9esjiod1][error][yii\web\HttpException:403] yii\web\ForbiddenHttpException: 您没有执行此操作的权限。 in /usr/local/var/www/htdocs/oa/vendor/mdmsoft/yii2-admin/components/AccessControl.php:88
Stack trace:
#0 /usr/local/var/www/htdocs/oa/vendor/mdmsoft/yii2-admin/components/AccessControl.php(73): mdm\admin\components\AccessControl->denyAccess(Object(yii\web\User))
#1 /usr/local/var/www/htdocs/oa/vendor/yiisoft/yii2/base/ActionFilter.php(75): mdm\admin\components\AccessControl->beforeAction(Object(yii\base\InlineAction))
#2 [internal function]: yii\base\ActionFilter->beforeFilter(Object(yii\base\ActionEvent))
#3 /usr/local/var/www/htdocs/oa/vendor/yiisoft/yii2/base/Component.php(545): call_user_func(Array, Object(yii\base\ActionEvent))
#4 /usr/local/var/www/htdocs/oa/vendor/yiisoft/yii2/base/Module.php(676): yii\base\Component->trigger('beforeAction', Object(yii\base\ActionEvent))
#5 /usr/local/var/www/htdocs/oa/vendor/yiisoft/yii2/base/Controller.php(144): yii\base\Module->beforeAction(Object(yii\base\InlineAction))
#6 /usr/local/var/www/htdocs/oa/vendor/yiisoft/yii2/base/Module.php(523): yii\base\Controller->runAction('toolbar', Array)
#7 /usr/local/var/www/htdocs/oa/vendor/yiisoft/yii2/web/Application.php(102): yii\base\Module->runAction('debug/default/t...', Array)
#8 /usr/local/var/www/htdocs/oa/vendor/yiisoft/yii2/base/Application.php(380): yii\web\Application->handleRequest(Object(yii\web\Request))
#9 /usr/local/var/www/htdocs/oa/backend/web/index.php(23): yii\base\Application->run()
#10 {main}
2017-05-31 11:09:47 [127.0.0.1][56][5mv7cip8si7nkob4pn9esjiod1][info][application] $_GET = [
    'tag' => '592ea47ae4c6a'
]

$_COOKIE = [
    '_csrf' => '7e7f2ad925db0497b0c032f61090b689d45d0c59850e9a00b9a8448e6c92d1cfa:2:{i:0;s:5:\"_csrf\";i:1;s:32:\"-QYoyAMVdAp9hqnjLKj8zGTGFJdEBfkl\";}'
    'PHPSESSID' => '5mv7cip8si7nkob4pn9esjiod1'
]

$_SESSION = [
    '__flash' => []
    '__returnUrl' => '/'
    '__captcha/site/captcha' => 'poqg'
    '__captcha/site/captchacount' => 1
    '__id' => 56
]

$_SERVER = [
    'REDIRECT_STATUS' => '200'
    'HTTP_HOST' => 'oa.com'
    'HTTP_CONNECTION' => 'keep-alive'
    'HTTP_ACCEPT' => 'text/html'
    'HTTP_X_REQUESTED_WITH' => 'XMLHttpRequest'
    'HTTP_USER_AGENT' => 'Mozilla/5.0 (Macintosh; Intel Mac OS X 10_12_5) AppleWebKit/537.36 (KHTML, like Gecko) Chrome/58.0.3029.110 Safari/537.36'
    'HTTP_REFERER' => 'http://oa.com/drug-order/index'
    'HTTP_ACCEPT_ENCODING' => 'gzip, deflate, sdch'
    'HTTP_ACCEPT_LANGUAGE' => 'zh-CN,zh;q=0.8'
    'HTTP_COOKIE' => '_csrf=7e7f2ad925db0497b0c032f61090b689d45d0c59850e9a00b9a8448e6c92d1cfa%3A2%3A%7Bi%3A0%3Bs%3A5%3A%22_csrf%22%3Bi%3A1%3Bs%3A32%3A%22-QYoyAMVdAp9hqnjLKj8zGTGFJdEBfkl%22%3B%7D; PHPSESSID=5mv7cip8si7nkob4pn9esjiod1'
    'PATH' => '/usr/local/bin:/usr/bin:/bin:/usr/sbin:/sbin'
    'DYLD_LIBRARY_PATH' => '/usr/local/Cellar/httpd24/2.4.25/lib'
    'SERVER_SIGNATURE' => ''
    'SERVER_SOFTWARE' => 'Apache/2.4.25 (Unix) PHP/7.1.3'
    'SERVER_NAME' => 'oa.com'
    'SERVER_ADDR' => '127.0.0.1'
    'SERVER_PORT' => '80'
    'REMOTE_ADDR' => '127.0.0.1'
    'DOCUMENT_ROOT' => '/usr/local/var/www/htdocs/oa/backend/web/'
    'REQUEST_SCHEME' => 'http'
    'CONTEXT_PREFIX' => ''
    'CONTEXT_DOCUMENT_ROOT' => '/usr/local/var/www/htdocs/oa/backend/web/'
    'SERVER_ADMIN' => 'localhost'
    'SCRIPT_FILENAME' => '/usr/local/var/www/htdocs/oa/backend/web/index.php'
    'REMOTE_PORT' => '57507'
    'REDIRECT_URL' => '/debug/default/toolbar'
    'REDIRECT_QUERY_STRING' => 'tag=592ea47ae4c6a'
    'GATEWAY_INTERFACE' => 'CGI/1.1'
    'SERVER_PROTOCOL' => 'HTTP/1.1'
    'REQUEST_METHOD' => 'GET'
    'QUERY_STRING' => 'tag=592ea47ae4c6a'
    'REQUEST_URI' => '/debug/default/toolbar?tag=592ea47ae4c6a'
    'SCRIPT_NAME' => '/index.php'
    'PHP_SELF' => '/index.php'
    'REQUEST_TIME_FLOAT' => 1496228987.073
    'REQUEST_TIME' => 1496228987
]
2017-05-31 11:09:47 [127.0.0.1][56][5mv7cip8si7nkob4pn9esjiod1][error][yii\web\HttpException:403] yii\web\ForbiddenHttpException: 您没有执行此操作的权限。 in /usr/local/var/www/htdocs/oa/vendor/mdmsoft/yii2-admin/components/AccessControl.php:88
Stack trace:
#0 /usr/local/var/www/htdocs/oa/vendor/mdmsoft/yii2-admin/components/AccessControl.php(73): mdm\admin\components\AccessControl->denyAccess(Object(yii\web\User))
#1 /usr/local/var/www/htdocs/oa/vendor/yiisoft/yii2/base/ActionFilter.php(75): mdm\admin\components\AccessControl->beforeAction(Object(yii\base\InlineAction))
#2 [internal function]: yii\base\ActionFilter->beforeFilter(Object(yii\base\ActionEvent))
#3 /usr/local/var/www/htdocs/oa/vendor/yiisoft/yii2/base/Component.php(545): call_user_func(Array, Object(yii\base\ActionEvent))
#4 /usr/local/var/www/htdocs/oa/vendor/yiisoft/yii2/base/Module.php(676): yii\base\Component->trigger('beforeAction', Object(yii\base\ActionEvent))
#5 /usr/local/var/www/htdocs/oa/vendor/yiisoft/yii2/base/Controller.php(144): yii\base\Module->beforeAction(Object(yii\base\InlineAction))
#6 /usr/local/var/www/htdocs/oa/vendor/yiisoft/yii2/base/Module.php(523): yii\base\Controller->runAction('ip', Array)
#7 /usr/local/var/www/htdocs/oa/vendor/yiisoft/yii2/web/Application.php(102): yii\base\Module->runAction('visit/ip', Array)
#8 /usr/local/var/www/htdocs/oa/vendor/yiisoft/yii2/base/Application.php(380): yii\web\Application->handleRequest(Object(yii\web\Request))
#9 /usr/local/var/www/htdocs/oa/backend/web/index.php(23): yii\base\Application->run()
#10 {main}
2017-05-31 11:09:47 [127.0.0.1][56][5mv7cip8si7nkob4pn9esjiod1][info][application] $_POST = [
    'ip' => '123.160.233.92'
]

$_COOKIE = [
    '_csrf' => '7e7f2ad925db0497b0c032f61090b689d45d0c59850e9a00b9a8448e6c92d1cfa:2:{i:0;s:5:\"_csrf\";i:1;s:32:\"-QYoyAMVdAp9hqnjLKj8zGTGFJdEBfkl\";}'
    'PHPSESSID' => '5mv7cip8si7nkob4pn9esjiod1'
]

$_SESSION = [
    '__flash' => []
    '__returnUrl' => '/'
    '__captcha/site/captcha' => 'poqg'
    '__captcha/site/captchacount' => 1
    '__id' => 56
]

$_SERVER = [
    'REDIRECT_STATUS' => '200'
    'HTTP_HOST' => 'oa.com'
    'HTTP_CONNECTION' => 'keep-alive'
    'CONTENT_LENGTH' => '17'
    'HTTP_ACCEPT' => '*/*'
    'HTTP_ORIGIN' => 'http://oa.com'
    'HTTP_X_CSRF_TOKEN' => 'UE5CNWtmYnp9HxtaEicvLDQPMgwDFwwQHAUoDREhNj0WBCZwKQAJFg=='
    'HTTP_USER_AGENT' => 'Mozilla/5.0 (Macintosh; Intel Mac OS X 10_12_5) AppleWebKit/537.36 (KHTML, like Gecko) Chrome/58.0.3029.110 Safari/537.36'
    'HTTP_X_REQUESTED_WITH' => 'XMLHttpRequest'
    'CONTENT_TYPE' => 'application/x-www-form-urlencoded; charset=UTF-8'
    'HTTP_REFERER' => 'http://oa.com/drug-order/index'
    'HTTP_ACCEPT_ENCODING' => 'gzip, deflate'
    'HTTP_ACCEPT_LANGUAGE' => 'zh-CN,zh;q=0.8'
    'HTTP_COOKIE' => '_csrf=7e7f2ad925db0497b0c032f61090b689d45d0c59850e9a00b9a8448e6c92d1cfa%3A2%3A%7Bi%3A0%3Bs%3A5%3A%22_csrf%22%3Bi%3A1%3Bs%3A32%3A%22-QYoyAMVdAp9hqnjLKj8zGTGFJdEBfkl%22%3B%7D; PHPSESSID=5mv7cip8si7nkob4pn9esjiod1'
    'PATH' => '/usr/local/bin:/usr/bin:/bin:/usr/sbin:/sbin'
    'DYLD_LIBRARY_PATH' => '/usr/local/Cellar/httpd24/2.4.25/lib'
    'SERVER_SIGNATURE' => ''
    'SERVER_SOFTWARE' => 'Apache/2.4.25 (Unix) PHP/7.1.3'
    'SERVER_NAME' => 'oa.com'
    'SERVER_ADDR' => '127.0.0.1'
    'SERVER_PORT' => '80'
    'REMOTE_ADDR' => '127.0.0.1'
    'DOCUMENT_ROOT' => '/usr/local/var/www/htdocs/oa/backend/web/'
    'REQUEST_SCHEME' => 'http'
    'CONTEXT_PREFIX' => ''
    'CONTEXT_DOCUMENT_ROOT' => '/usr/local/var/www/htdocs/oa/backend/web/'
    'SERVER_ADMIN' => 'localhost'
    'SCRIPT_FILENAME' => '/usr/local/var/www/htdocs/oa/backend/web/index.php'
    'REMOTE_PORT' => '57509'
    'REDIRECT_URL' => '/visit/ip'
    'GATEWAY_INTERFACE' => 'CGI/1.1'
    'SERVER_PROTOCOL' => 'HTTP/1.1'
    'REQUEST_METHOD' => 'POST'
    'QUERY_STRING' => ''
    'REQUEST_URI' => '/visit/ip'
    'SCRIPT_NAME' => '/index.php'
    'PHP_SELF' => '/index.php'
    'REQUEST_TIME_FLOAT' => 1496228987.175
    'REQUEST_TIME' => 1496228987
]
